[slf5s.start] 24 Nov 2013 17:45:39,270[slf5s.DATE]
INFO[slf5s.PRIORITY]
[slf5s.NDC]
main[slf5s.THREAD]
org.jgap.gp.impl.GPGenotype[slf5s.CATEGORY]
org.jgap.gp.impl.GPGenotype.randomInitialGenotype(GPGenotype.java:420)[slf5s.LOCATION]
Creating initial population[slf5s.MESSAGE]

[slf5s.start] 24 Nov 2013 17:45:39,279[slf5s.DATE]
INFO[slf5s.PRIORITY]
[slf5s.NDC]
main[slf5s.THREAD]
org.jgap.gp.impl.GPGenotype[slf5s.CATEGORY]
org.jgap.gp.impl.GPGenotype.randomInitialGenotype(GPGenotype.java:421)[slf5s.LOCATION]
Mem free: 57.5 MB[slf5s.MESSAGE]

[slf5s.start] 24 Nov 2013 17:45:39,299[slf5s.DATE]
INFO[slf5s.PRIORITY]
[slf5s.NDC]
main[slf5s.THREAD]
org.jgap.gp.impl.GPPopulation[slf5s.CATEGORY]
org.jgap.gp.impl.GPPopulation.create(GPPopulation.java:330)[slf5s.LOCATION]
Prototype program set[slf5s.MESSAGE]

[slf5s.start] 24 Nov 2013 17:45:39,415[slf5s.DATE]
INFO[slf5s.PRIORITY]
[slf5s.NDC]
main[slf5s.THREAD]
org.jgap.gp.impl.GPGenotype[slf5s.CATEGORY]
org.jgap.gp.impl.GPGenotype.randomInitialGenotype(GPGenotype.java:437)[slf5s.LOCATION]
Mem free after creating population: 57.5 MB[slf5s.MESSAGE]

[slf5s.start] 24 Nov 2013 17:45:39,420[slf5s.DATE]
INFO[slf5s.PRIORITY]
[slf5s.NDC]
main[slf5s.THREAD]
org.jgap.gp.impl.GPGenotype[slf5s.CATEGORY]
org.jgap.gp.impl.GPGenotype.outputWarning(GPGenotype.java:1496)[slf5s.LOCATION]
Your configuration does not contain unused commands, this is good[slf5s.MESSAGE]

[slf5s.start] 24 Nov 2013 17:45:39,422[slf5s.DATE]
INFO[slf5s.PRIORITY]
[slf5s.NDC]
main[slf5s.THREAD]
org.jgap.gp.impl.GPGenotype[slf5s.CATEGORY]
org.jgap.gp.impl.GPGenotype.evolve(GPGenotype.java:538)[slf5s.LOCATION]
Evolving generation 0, memory free: 56.3 MB[slf5s.MESSAGE]

[slf5s.start] 24 Nov 2013 17:45:39,491[slf5s.DATE]
INFO[slf5s.PRIORITY]
[slf5s.NDC]
main[slf5s.THREAD]
org.jgap.gp.impl.GPGenotype[slf5s.CATEGORY]
org.jgap.gp.impl.GPGenotype.outputSolution(GPGenotype.java:669)[slf5s.LOCATION]
Best solution fitness: 40.33[slf5s.MESSAGE]

[slf5s.start] 24 Nov 2013 17:45:39,497[slf5s.DATE]
INFO[slf5s.PRIORITY]
[slf5s.NDC]
main[slf5s.THREAD]
org.jgap.gp.impl.GPGenotype[slf5s.CATEGORY]
org.jgap.gp.impl.GPGenotype.outputSolution(GPGenotype.java:671)[slf5s.LOCATION]
Best solution: X + (X / ((ADF1(X,9.0,9.0)) / (9.0 + X))) ==> Arg(1) + Arg(0) + Arg(1)[slf5s.MESSAGE]

[slf5s.start] 24 Nov 2013 17:45:39,498[slf5s.DATE]
INFO[slf5s.PRIORITY]
[slf5s.NDC]
main[slf5s.THREAD]
org.jgap.gp.impl.GPGenotype[slf5s.CATEGORY]
org.jgap.gp.impl.GPGenotype.outputSolution(GPGenotype.java:684)[slf5s.LOCATION]
Depths of chroms: 4 / 1[slf5s.MESSAGE]

[slf5s.start] 24 Nov 2013 17:45:39,661[slf5s.DATE]
INFO[slf5s.PRIORITY]
[slf5s.NDC]
main[slf5s.THREAD]
org.jgap.gp.impl.GPGenotype[slf5s.CATEGORY]
org.jgap.gp.impl.GPGenotype.outputSolution(GPGenotype.java:669)[slf5s.LOCATION]
Best solution fitness: 29.54[slf5s.MESSAGE]

[slf5s.start] 24 Nov 2013 17:45:39,662[slf5s.DATE]
INFO[slf5s.PRIORITY]
[slf5s.NDC]
main[slf5s.THREAD]
org.jgap.gp.impl.GPGenotype[slf5s.CATEGORY]
org.jgap.gp.impl.GPGenotype.outputSolution(GPGenotype.java:671)[slf5s.LOCATION]
Best solution: (X / 7.0) * (X * X) ==> (Arg(1) + Arg(2) + Arg(0)) + Arg(1) + Arg(1)[slf5s.MESSAGE]

[slf5s.start] 24 Nov 2013 17:45:39,664[slf5s.DATE]
INFO[slf5s.PRIORITY]
[slf5s.NDC]
main[slf5s.THREAD]
org.jgap.gp.impl.GPGenotype[slf5s.CATEGORY]
org.jgap.gp.impl.GPGenotype.outputSolution(GPGenotype.java:684)[slf5s.LOCATION]
Depths of chroms: 2 / 2[slf5s.MESSAGE]

[slf5s.start] 24 Nov 2013 17:45:40,007[slf5s.DATE]
INFO[slf5s.PRIORITY]
[slf5s.NDC]
main[slf5s.THREAD]
org.jgap.gp.impl.GPGenotype[slf5s.CATEGORY]
org.jgap.gp.impl.GPGenotype.outputSolution(GPGenotype.java:669)[slf5s.LOCATION]
Best solution fitness: 26.37[slf5s.MESSAGE]

[slf5s.start] 24 Nov 2013 17:45:40,011[slf5s.DATE]
INFO[slf5s.PRIORITY]
[slf5s.NDC]
main[slf5s.THREAD]
org.jgap.gp.impl.GPGenotype[slf5s.CATEGORY]
org.jgap.gp.impl.GPGenotype.outputSolution(GPGenotype.java:671)[slf5s.LOCATION]
Best solution: (X / ((ADF1(X,9.0,9.0)) / X)) * (X * X) ==> (Arg(2) + Arg(2) + Arg(2)) + Arg(1) + Arg(1)[slf5s.MESSAGE]

[slf5s.start] 24 Nov 2013 17:45:40,012[slf5s.DATE]
INFO[slf5s.PRIORITY]
[slf5s.NDC]
main[slf5s.THREAD]
org.jgap.gp.impl.GPGenotype[slf5s.CATEGORY]
org.jgap.gp.impl.GPGenotype.outputSolution(GPGenotype.java:684)[slf5s.LOCATION]
Depths of chroms: 4 / 2[slf5s.MESSAGE]

[slf5s.start] 24 Nov 2013 17:45:40,146[slf5s.DATE]
INFO[slf5s.PRIORITY]
[slf5s.NDC]
main[slf5s.THREAD]
org.jgap.gp.impl.GPGenotype[slf5s.CATEGORY]
org.jgap.gp.impl.GPGenotype.outputSolution(GPGenotype.java:669)[slf5s.LOCATION]
Best solution fitness: 25.11[slf5s.MESSAGE]

[slf5s.start] 24 Nov 2013 17:45:40,157[slf5s.DATE]
INFO[slf5s.PRIORITY]
[slf5s.NDC]
main[slf5s.THREAD]
org.jgap.gp.impl.GPGenotype[slf5s.CATEGORY]
org.jgap.gp.impl.GPGenotype.outputSolution(GPGenotype.java:671)[slf5s.LOCATION]
Best solution: (X / ((ADF1(X,9.0,9.0)) / ((X / (ADF1(X,9.0,9.0))) + X))) * (X * X) ==> (Arg(0) + Arg(2) + (Arg(2) + Arg(2) + Arg(1))) + Arg(0) + Arg(1)[slf5s.MESSAGE]

[slf5s.start] 24 Nov 2013 17:45:40,158[slf5s.DATE]
INFO[slf5s.PRIORITY]
[slf5s.NDC]
main[slf5s.THREAD]
org.jgap.gp.impl.GPGenotype[slf5s.CATEGORY]
org.jgap.gp.impl.GPGenotype.outputSolution(GPGenotype.java:684)[slf5s.LOCATION]
Depths of chroms: 6 / 3[slf5s.MESSAGE]

[slf5s.start] 24 Nov 2013 17:45:40,483[slf5s.DATE]
INFO[slf5s.PRIORITY]
[slf5s.NDC]
main[slf5s.THREAD]
org.jgap.gp.impl.GPGenotype[slf5s.CATEGORY]
org.jgap.gp.impl.GPGenotype.outputSolution(GPGenotype.java:669)[slf5s.LOCATION]
Best solution fitness: 10.35[slf5s.MESSAGE]

[slf5s.start] 24 Nov 2013 17:45:40,485[slf5s.DATE]
INFO[slf5s.PRIORITY]
[slf5s.NDC]
main[slf5s.THREAD]
org.jgap.gp.impl.GPGenotype[slf5s.CATEGORY]
org.jgap.gp.impl.GPGenotype.outputSolution(GPGenotype.java:671)[slf5s.LOCATION]
Best solution: (X / ((ADF1(X,9.0,7.0)) / (7.0 + X))) * (X + X) ==> (Arg(0) + Arg(0) + Arg(2)) + Arg(0) + (Arg(1) + Arg(0) + (Arg(1) + Arg(0) + Arg(1)))[slf5s.MESSAGE]

[slf5s.start] 24 Nov 2013 17:45:40,489[slf5s.DATE]
INFO[slf5s.PRIORITY]
[slf5s.NDC]
main[slf5s.THREAD]
org.jgap.gp.impl.GPGenotype[slf5s.CATEGORY]
org.jgap.gp.impl.GPGenotype.outputSolution(GPGenotype.java:684)[slf5s.LOCATION]
Depths of chroms: 4 / 3[slf5s.MESSAGE]

[slf5s.start] 24 Nov 2013 17:45:40,611[slf5s.DATE]
INFO[slf5s.PRIORITY]
[slf5s.NDC]
main[slf5s.THREAD]
org.jgap.gp.impl.GPGenotype[slf5s.CATEGORY]
org.jgap.gp.impl.GPGenotype.evolve(GPGenotype.java:538)[slf5s.LOCATION]
Evolving generation 25, memory free: 42.6 MB[slf5s.MESSAGE]

[slf5s.start] 24 Nov 2013 17:45:40,818[slf5s.DATE]
INFO[slf5s.PRIORITY]
[slf5s.NDC]
main[slf5s.THREAD]
org.jgap.gp.impl.GPGenotype[slf5s.CATEGORY]
org.jgap.gp.impl.GPGenotype.outputSolution(GPGenotype.java:669)[slf5s.LOCATION]
Best solution fitness: 8.72[slf5s.MESSAGE]

[slf5s.start] 24 Nov 2013 17:45:40,819[slf5s.DATE]
INFO[slf5s.PRIORITY]
[slf5s.NDC]
main[slf5s.THREAD]
org.jgap.gp.impl.GPGenotype[slf5s.CATEGORY]
org.jgap.gp.impl.GPGenotype.outputSolution(GPGenotype.java:671)[slf5s.LOCATION]
Best solution: (X / 5.0) * (X + (X + (X / (X + (X / (ADF1(X,9.0,9.0))))))) ==> Arg(1) + Arg(0) + (Arg(1) + Arg(0) + Arg(1))[slf5s.MESSAGE]

[slf5s.start] 24 Nov 2013 17:45:40,821[slf5s.DATE]
INFO[slf5s.PRIORITY]
[slf5s.NDC]
main[slf5s.THREAD]
org.jgap.gp.impl.GPGenotype[slf5s.CATEGORY]
org.jgap.gp.impl.GPGenotype.outputSolution(GPGenotype.java:684)[slf5s.LOCATION]
Depths of chroms: 7 / 2[slf5s.MESSAGE]

[slf5s.start] 24 Nov 2013 17:45:40,870[slf5s.DATE]
INFO[slf5s.PRIORITY]
[slf5s.NDC]
main[slf5s.THREAD]
org.jgap.gp.impl.GPGenotype[slf5s.CATEGORY]
org.jgap.gp.impl.GPGenotype.outputSolution(GPGenotype.java:669)[slf5s.LOCATION]
Best solution fitness: 8.49[slf5s.MESSAGE]

[slf5s.start] 24 Nov 2013 17:45:40,871[slf5s.DATE]
INFO[slf5s.PRIORITY]
[slf5s.NDC]
main[slf5s.THREAD]
org.jgap.gp.impl.GPGenotype[slf5s.CATEGORY]
org.jgap.gp.impl.GPGenotype.outputSolution(GPGenotype.java:671)[slf5s.LOCATION]
Best solution: (X / 5.0) * (X + (X + (X / (X + (X / (ADF1(X,7.0,9.0))))))) ==> Arg(0) + Arg(0) + Arg(2)[slf5s.MESSAGE]

[slf5s.start] 24 Nov 2013 17:45:40,872[slf5s.DATE]
INFO[slf5s.PRIORITY]
[slf5s.NDC]
main[slf5s.THREAD]
org.jgap.gp.impl.GPGenotype[slf5s.CATEGORY]
org.jgap.gp.impl.GPGenotype.outputSolution(GPGenotype.java:684)[slf5s.LOCATION]
Depths of chroms: 7 / 1[slf5s.MESSAGE]

[slf5s.start] 24 Nov 2013 17:45:41,022[slf5s.DATE]
INFO[slf5s.PRIORITY]
[slf5s.NDC]
main[slf5s.THREAD]
org.jgap.gp.impl.GPGenotype[slf5s.CATEGORY]
org.jgap.gp.impl.GPGenotype.outputSolution(GPGenotype.java:669)[slf5s.LOCATION]
Best solution fitness: 7.29[slf5s.MESSAGE]

[slf5s.start] 24 Nov 2013 17:45:41,023[slf5s.DATE]
INFO[slf5s.PRIORITY]
[slf5s.NDC]
main[slf5s.THREAD]
org.jgap.gp.impl.GPGenotype[slf5s.CATEGORY]
org.jgap.gp.impl.GPGenotype.outputSolution(GPGenotype.java:671)[slf5s.LOCATION]
Best solution: (X / 5.0) * (X + (X + (X / 5.0))) ==> Arg(0) + Arg(0) + Arg(2)[slf5s.MESSAGE]

[slf5s.start] 24 Nov 2013 17:45:41,025[slf5s.DATE]
INFO[slf5s.PRIORITY]
[slf5s.NDC]
main[slf5s.THREAD]
org.jgap.gp.impl.GPGenotype[slf5s.CATEGORY]
org.jgap.gp.impl.GPGenotype.outputSolution(GPGenotype.java:684)[slf5s.LOCATION]
Depths of chroms: 4 / 1[slf5s.MESSAGE]

[slf5s.start] 24 Nov 2013 17:45:41,223[slf5s.DATE]
INFO[slf5s.PRIORITY]
[slf5s.NDC]
main[slf5s.THREAD]
org.jgap.gp.impl.GPGenotype[slf5s.CATEGORY]
org.jgap.gp.impl.GPGenotype.outputSolution(GPGenotype.java:669)[slf5s.LOCATION]
Best solution fitness: 6.62[slf5s.MESSAGE]

[slf5s.start] 24 Nov 2013 17:45:41,224[slf5s.DATE]
INFO[slf5s.PRIORITY]
[slf5s.NDC]
main[slf5s.THREAD]
org.jgap.gp.impl.GPGenotype[slf5s.CATEGORY]
org.jgap.gp.impl.GPGenotype.outputSolution(GPGenotype.java:671)[slf5s.LOCATION]
Best solution: (X / 5.0) * (X + (X + (X / 4.0))) ==> Arg(2) + Arg(2) + (Arg(0) + Arg(0) + Arg(2))[slf5s.MESSAGE]

[slf5s.start] 24 Nov 2013 17:45:41,225[slf5s.DATE]
INFO[slf5s.PRIORITY]
[slf5s.NDC]
main[slf5s.THREAD]
org.jgap.gp.impl.GPGenotype[slf5s.CATEGORY]
org.jgap.gp.impl.GPGenotype.outputSolution(GPGenotype.java:684)[slf5s.LOCATION]
Depths of chroms: 4 / 2[slf5s.MESSAGE]

[slf5s.start] 24 Nov 2013 17:45:41,348[slf5s.DATE]
INFO[slf5s.PRIORITY]
[slf5s.NDC]
main[slf5s.THREAD]
org.jgap.gp.impl.GPGenotype[slf5s.CATEGORY]
org.jgap.gp.impl.GPGenotype.evolve(GPGenotype.java:538)[slf5s.LOCATION]
Evolving generation 50, memory free: 49.6 MB[slf5s.MESSAGE]

[slf5s.start] 24 Nov 2013 17:45:41,429[slf5s.DATE]
INFO[slf5s.PRIORITY]
[slf5s.NDC]
main[slf5s.THREAD]
org.jgap.gp.impl.GPGenotype[slf5s.CATEGORY]
org.jgap.gp.impl.GPGenotype.outputSolution(GPGenotype.java:669)[slf5s.LOCATION]
Best solution fitness: 6.43[slf5s.MESSAGE]

[slf5s.start] 24 Nov 2013 17:45:41,430[slf5s.DATE]
INFO[slf5s.PRIORITY]
[slf5s.NDC]
main[slf5s.THREAD]
org.jgap.gp.impl.GPGenotype[slf5s.CATEGORY]
org.jgap.gp.impl.GPGenotype.outputSolution(GPGenotype.java:671)[slf5s.LOCATION]
Best solution: (X / 5.0) * (X + (X + (X / 3.0))) ==> (Arg(2) + Arg(0) + Arg(1)) + Arg(0) + Arg(2)[slf5s.MESSAGE]

[slf5s.start] 24 Nov 2013 17:45:41,431[slf5s.DATE]
INFO[slf5s.PRIORITY]
[slf5s.NDC]
main[slf5s.THREAD]
org.jgap.gp.impl.GPGenotype[slf5s.CATEGORY]
org.jgap.gp.impl.GPGenotype.outputSolution(GPGenotype.java:684)[slf5s.LOCATION]
Depths of chroms: 4 / 2[slf5s.MESSAGE]

[slf5s.start] 24 Nov 2013 17:45:41,736[slf5s.DATE]
INFO[slf5s.PRIORITY]
[slf5s.NDC]
main[slf5s.THREAD]
org.jgap.gp.impl.GPGenotype[slf5s.CATEGORY]
org.jgap.gp.impl.GPGenotype.evolve(GPGenotype.java:538)[slf5s.LOCATION]
Evolving generation 75, memory free: 41.3 MB[slf5s.MESSAGE]

[slf5s.start] 24 Nov 2013 17:45:42,123[slf5s.DATE]
INFO[slf5s.PRIORITY]
[slf5s.NDC]
main[slf5s.THREAD]
org.jgap.gp.impl.GPGenotype[slf5s.CATEGORY]
org.jgap.gp.impl.GPGenotype.outputSolution(GPGenotype.java:669)[slf5s.LOCATION]
Best solution fitness: 6.43[slf5s.MESSAGE]

[slf5s.start] 24 Nov 2013 17:45:42,131[slf5s.DATE]
INFO[slf5s.PRIORITY]
[slf5s.NDC]
main[slf5s.THREAD]
org.jgap.gp.impl.GPGenotype[slf5s.CATEGORY]
org.jgap.gp.impl.GPGenotype.outputSolution(GPGenotype.java:671)[slf5s.LOCATION]
Best solution: (X / 5.0) * (X + (X + (X / 3.0))) ==> (Arg(2) + Arg(0) + Arg(1)) + Arg(0) + Arg(2)[slf5s.MESSAGE]

[slf5s.start] 24 Nov 2013 17:45:42,132[slf5s.DATE]
INFO[slf5s.PRIORITY]
[slf5s.NDC]
main[slf5s.THREAD]
org.jgap.gp.impl.GPGenotype[slf5s.CATEGORY]
org.jgap.gp.impl.GPGenotype.outputSolution(GPGenotype.java:684)[slf5s.LOCATION]
Depths of chroms: 4 / 2[slf5s.MESSAGE]

