[24.11.2013 10:25:43,434] [main] INFO  org.jgap.gp.impl.GPGenotype  - Creating initial population
[24.11.2013 10:25:43,442] [main] INFO  org.jgap.gp.impl.GPGenotype  - Mem free: 57.5 MB
[24.11.2013 10:25:43,460] [main] INFO  org.jgap.gp.impl.GPPopulation  - Prototype program set
[24.11.2013 10:25:43,492] [main] INFO  org.jgap.gp.impl.GPGenotype  - Mem free after creating population: 57.5 MB
[24.11.2013 10:25:43,496] [main] INFO  org.jgap.gp.impl.GPGenotype  - Your configuration does not contain unused commands, this is good
[24.11.2013 10:25:43,513] [main] INFO  org.jgap.gp.impl.GPGenotype  - Best solution fitness: 181.14
[24.11.2013 10:25:43,516] [main] INFO  org.jgap.gp.impl.GPGenotype  - Best solution: (7.0 * X) - (ADF1(X,X,7.0)) ==> Arg(1)
[24.11.2013 10:25:43,518] [main] INFO  org.jgap.gp.impl.GPGenotype  - Depths of chroms: 2 / 0
[24.11.2013 10:25:43,519] [main] INFO  org.jgap.gp.impl.GPGenotype  - Best solution fitness: 111.65
[24.11.2013 10:25:43,520] [main] INFO  org.jgap.gp.impl.GPGenotype  - Best solution: 7.0 ==> Arg(2)
[24.11.2013 10:25:43,525] [main] INFO  org.jgap.gp.impl.GPGenotype  - Depths of chroms: 0 / 0
[24.11.2013 10:25:43,526] [main] INFO  org.jgap.gp.impl.GPGenotype  - Best solution fitness: 97.79
[24.11.2013 10:25:43,528] [main] INFO  org.jgap.gp.impl.GPGenotype  - Best solution: 5.0 / ((X + 5.0) / 5.0) ==> Arg(0)
[24.11.2013 10:25:43,529] [main] INFO  org.jgap.gp.impl.GPGenotype  - Depths of chroms: 3 / 0
[24.11.2013 10:25:43,530] [main] INFO  org.jgap.gp.impl.GPGenotype  - Best solution fitness: 43.55
[24.11.2013 10:25:43,531] [main] INFO  org.jgap.gp.impl.GPGenotype  - Best solution: X / 5.0 ==> Arg(1)
[24.11.2013 10:25:43,532] [main] INFO  org.jgap.gp.impl.GPGenotype  - Depths of chroms: 1 / 0
[24.11.2013 10:25:43,534] [main] INFO  org.jgap.gp.impl.GPGenotype  - Best solution fitness: 217.46
[24.11.2013 10:25:43,536] [main] INFO  org.jgap.gp.impl.GPGenotype  - Best solution: X - ((7.0 * X) - (ADF1(X,X,7.0))) ==> Arg(0)
[24.11.2013 10:25:43,537] [main] INFO  org.jgap.gp.impl.GPGenotype  - Depths of chroms: 3 / 0
[24.11.2013 10:25:43,539] [main] INFO  org.jgap.gp.impl.GPGenotype  - Best solution fitness: 181.14
[24.11.2013 10:25:43,541] [main] INFO  org.jgap.gp.impl.GPGenotype  - Best solution: (7.0 * X) - (ADF1(X,X,7.0)) ==> Arg(1)
[24.11.2013 10:25:43,542] [main] INFO  org.jgap.gp.impl.GPGenotype  - Depths of chroms: 2 / 0
[24.11.2013 10:25:43,543] [main] INFO  org.jgap.gp.impl.GPGenotype  - Best solution fitness: 36.06
[24.11.2013 10:25:43,545] [main] INFO  org.jgap.gp.impl.GPGenotype  - Best solution: X ==> Arg(0)
[24.11.2013 10:25:43,546] [main] INFO  org.jgap.gp.impl.GPGenotype  - Depths of chroms: 0 / 0
[24.11.2013 10:25:43,547] [main] INFO  org.jgap.gp.impl.GPGenotype  - Best solution fitness: 83.17
[24.11.2013 10:25:43,548] [main] INFO  org.jgap.gp.impl.GPGenotype  - Best solution: 5.0 ==> Arg(2) + Arg(1) + Arg(2)
[24.11.2013 10:25:43,550] [main] INFO  org.jgap.gp.impl.GPGenotype  - Depths of chroms: 0 / 1
[24.11.2013 10:25:43,552] [main] INFO  org.jgap.gp.impl.GPGenotype  - Best solution fitness: 42.66
[24.11.2013 10:25:43,553] [main] INFO  org.jgap.gp.impl.GPGenotype  - Best solution: X + X ==> Arg(1) + ((Arg(0) + Arg(2) + Arg(0)) + Arg(2) + Arg(0)) + Arg(1)
[24.11.2013 10:25:43,555] [main] INFO  org.jgap.gp.impl.GPGenotype  - Depths of chroms: 1 / 3
[24.11.2013 10:25:43,557] [main] INFO  org.jgap.gp.impl.GPGenotype  - Best solution fitness: 181.99
[24.11.2013 10:25:43,558] [main] INFO  org.jgap.gp.impl.GPGenotype  - Best solution: (7.0 - 7.0) - (ADF1(7.0,X,7.0)) ==> Arg(0)
[24.11.2013 10:25:43,559] [main] INFO  org.jgap.gp.impl.GPGenotype  - Depths of chroms: 2 / 0
[24.11.2013 10:25:43,562] [main] INFO  org.jgap.gp.impl.GPGenotype  - Best solution fitness: 42.66
[24.11.2013 10:25:43,563] [main] INFO  org.jgap.gp.impl.GPGenotype  - Best solution: X + X ==> Arg(1) + ((Arg(0) + Arg(2) + Arg(0)) + Arg(2) + Arg(0)) + Arg(1)
[24.11.2013 10:25:43,565] [main] INFO  org.jgap.gp.impl.GPGenotype  - Depths of chroms: 1 / 3
[24.11.2013 10:25:43,566] [main] INFO  org.jgap.gp.impl.GPGenotype  - Best solution fitness: 42.66
[24.11.2013 10:25:43,568] [main] INFO  org.jgap.gp.impl.GPGenotype  - Best solution: X + X ==> Arg(1) + ((Arg(0) + Arg(2) + Arg(0)) + Arg(2) + Arg(0)) + Arg(1)
[24.11.2013 10:25:43,571] [main] INFO  org.jgap.gp.impl.GPGenotype  - Depths of chroms: 1 / 3
[24.11.2013 10:25:43,573] [main] INFO  org.jgap.gp.impl.GPGenotype  - Best solution fitness: 43.55
[24.11.2013 10:25:43,575] [main] INFO  org.jgap.gp.impl.GPGenotype  - Best solution: X / 5.0 ==> Arg(0)
[24.11.2013 10:25:43,581] [main] INFO  org.jgap.gp.impl.GPGenotype  - Depths of chroms: 1 / 0
[24.11.2013 10:25:43,585] [main] INFO  org.jgap.gp.impl.GPGenotype  - Best solution fitness: 36.06
[24.11.2013 10:25:43,586] [main] INFO  org.jgap.gp.impl.GPGenotype  - Best solution: X ==> Arg(1)
[24.11.2013 10:25:43,587] [main] INFO  org.jgap.gp.impl.GPGenotype  - Depths of chroms: 0 / 0
[24.11.2013 10:25:43,588] [main] INFO  org.jgap.gp.impl.GPGenotype  - Best solution fitness: 83.17
[24.11.2013 10:25:43,589] [main] INFO  org.jgap.gp.impl.GPGenotype  - Best solution: 5.0 ==> Arg(2) + Arg(1) + Arg(2)
[24.11.2013 10:25:43,590] [main] INFO  org.jgap.gp.impl.GPGenotype  - Depths of chroms: 0 / 1
[24.11.2013 10:25:43,591] [main] INFO  org.jgap.gp.impl.GPGenotype  - Best solution fitness: 111.65
[24.11.2013 10:25:43,593] [main] INFO  org.jgap.gp.impl.GPGenotype  - Best solution: 7.0 ==> Arg(2)
[24.11.2013 10:25:43,594] [main] INFO  org.jgap.gp.impl.GPGenotype  - Depths of chroms: 0 / 0
[24.11.2013 10:25:43,595] [main] INFO  org.jgap.gp.impl.GPGenotype  - Best solution fitness: 43.55
[24.11.2013 10:25:43,596] [main] INFO  org.jgap.gp.impl.GPGenotype  - Best solution: X / 5.0 ==> Arg(1)
[24.11.2013 10:25:43,597] [main] INFO  org.jgap.gp.impl.GPGenotype  - Depths of chroms: 1 / 0
[24.11.2013 10:25:43,600] [main] INFO  org.jgap.gp.impl.GPGenotype  - Best solution fitness: 49.36
[24.11.2013 10:25:43,602] [main] INFO  org.jgap.gp.impl.GPGenotype  - Best solution: (ADF1(X,5.0,5.0)) / (ADF1(X,5.0,X)) ==> (Arg(1) + Arg(1) + Arg(2)) + (Arg(0) + Arg(1) + Arg(1)) + (Arg(1) + Arg(1) + Arg(2))
[24.11.2013 10:25:43,603] [main] INFO  org.jgap.gp.impl.GPGenotype  - Depths of chroms: 2 / 2
[24.11.2013 10:25:43,605] [main] INFO  org.jgap.gp.impl.GPGenotype  - Best solution fitness: 58.11
[24.11.2013 10:25:43,607] [main] INFO  org.jgap.gp.impl.GPGenotype  - Best solution: 3.0 / (((X / X) / (X * X)) * ((3.0 + X) * (ADF1(X,X,3.0)))) ==> Arg(1)
[24.11.2013 10:25:43,608] [main] INFO  org.jgap.gp.impl.GPGenotype  - Depths of chroms: 4 / 0
[24.11.2013 10:25:43,609] [main] INFO  org.jgap.gp.impl.GPGenotype  - Best solution fitness: 36.06
[24.11.2013 10:25:43,610] [main] INFO  org.jgap.gp.impl.GPGenotype  - Best solution: X ==> Arg(1)
[24.11.2013 10:25:43,611] [main] INFO  org.jgap.gp.impl.GPGenotype  - Depths of chroms: 0 / 0
[24.11.2013 10:25:43,615] [main] INFO  org.jgap.gp.impl.GPGenotype  - Best solution fitness: 43.55
[24.11.2013 10:25:43,616] [main] INFO  org.jgap.gp.impl.GPGenotype  - Best solution: X / 5.0 ==> Arg(1)
[24.11.2013 10:25:43,617] [main] INFO  org.jgap.gp.impl.GPGenotype  - Depths of chroms: 1 / 0
[24.11.2013 10:25:43,618] [main] INFO  org.jgap.gp.impl.GPGenotype  - Best solution fitness: 36.06
[24.11.2013 10:25:43,620] [main] INFO  org.jgap.gp.impl.GPGenotype  - Best solution: X ==> Arg(0)
[24.11.2013 10:25:43,621] [main] INFO  org.jgap.gp.impl.GPGenotype  - Depths of chroms: 0 / 0
[24.11.2013 10:25:43,622] [main] INFO  org.jgap.gp.impl.GPGenotype  - Best solution fitness: 42.66
[24.11.2013 10:25:43,623] [main] INFO  org.jgap.gp.impl.GPGenotype  - Best solution: X + X ==> Arg(1) + ((Arg(0) + Arg(2) + Arg(0)) + Arg(2) + Arg(0)) + Arg(1)
[24.11.2013 10:25:43,624] [main] INFO  org.jgap.gp.impl.GPGenotype  - Depths of chroms: 1 / 3
[24.11.2013 10:25:43,625] [main] INFO  org.jgap.gp.impl.GPGenotype  - Best solution fitness: 36.06
[24.11.2013 10:25:43,626] [main] INFO  org.jgap.gp.impl.GPGenotype  - Best solution: X ==> Arg(1)
[24.11.2013 10:25:43,628] [main] INFO  org.jgap.gp.impl.GPGenotype  - Depths of chroms: 0 / 0
[24.11.2013 10:25:43,629] [main] INFO  org.jgap.gp.impl.GPGenotype  - Best solution fitness: 36.06
[24.11.2013 10:25:43,630] [main] INFO  org.jgap.gp.impl.GPGenotype  - Best solution: X ==> Arg(1)
[24.11.2013 10:25:43,631] [main] INFO  org.jgap.gp.impl.GPGenotype  - Depths of chroms: 0 / 0
[24.11.2013 10:25:43,632] [main] INFO  org.jgap.gp.impl.GPGenotype  - Best solution fitness: 42.66
[24.11.2013 10:25:43,634] [main] INFO  org.jgap.gp.impl.GPGenotype  - Best solution: X + X ==> Arg(1) + ((Arg(0) + Arg(2) + Arg(0)) + Arg(2) + Arg(0)) + Arg(1)
[24.11.2013 10:25:43,635] [main] INFO  org.jgap.gp.impl.GPGenotype  - Depths of chroms: 1 / 3
[24.11.2013 10:25:43,636] [main] INFO  org.jgap.gp.impl.GPGenotype  - Best solution fitness: 36.06
[24.11.2013 10:25:43,637] [main] INFO  org.jgap.gp.impl.GPGenotype  - Best solution: X ==> Arg(1)
[24.11.2013 10:25:43,638] [main] INFO  org.jgap.gp.impl.GPGenotype  - Depths of chroms: 0 / 0
[24.11.2013 10:25:43,640] [main] INFO  org.jgap.gp.impl.GPGenotype  - Best solution fitness: 147.24
[24.11.2013 10:25:43,642] [main] INFO  org.jgap.gp.impl.GPGenotype  - Best solution: (3.0 - 3.0) + (3.0 * 3.0) ==> (Arg(1) + Arg(0) + Arg(2)) + (Arg(2) + Arg(1) + Arg(0)) + (Arg(2) + Arg(0) + Arg(0))
[24.11.2013 10:25:43,643] [main] INFO  org.jgap.gp.impl.GPGenotype  - Depths of chroms: 2 / 2
[24.11.2013 10:25:43,644] [main] INFO  org.jgap.gp.impl.GPGenotype  - Best solution fitness: 36.06
[24.11.2013 10:25:43,645] [main] INFO  org.jgap.gp.impl.GPGenotype  - Best solution: X ==> Arg(0)
[24.11.2013 10:25:43,646] [main] INFO  org.jgap.gp.impl.GPGenotype  - Depths of chroms: 0 / 0
[24.11.2013 10:25:43,648] [main] INFO  org.jgap.gp.impl.GPGenotype  - Best solution fitness: 61.99
[24.11.2013 10:25:43,649] [main] INFO  org.jgap.gp.impl.GPGenotype  - Best solution: X * X ==> Arg(2) + Arg(0) + Arg(2)
[24.11.2013 10:25:43,650] [main] INFO  org.jgap.gp.impl.GPGenotype  - Depths of chroms: 1 / 1
[24.11.2013 10:25:43,654] [main] INFO  org.jgap.gp.impl.GPGenotype  - Best solution fitness: 36.06
[24.11.2013 10:25:43,655] [main] INFO  org.jgap.gp.impl.GPGenotype  - Best solution: X ==> Arg(0)
[24.11.2013 10:25:43,656] [main] INFO  org.jgap.gp.impl.GPGenotype  - Depths of chroms: 0 / 0
[24.11.2013 10:25:43,657] [main] INFO  org.jgap.gp.impl.GPGenotype  - Best solution fitness: 36.06
[24.11.2013 10:25:43,658] [main] INFO  org.jgap.gp.impl.GPGenotype  - Best solution: X ==> Arg(1)
[24.11.2013 10:25:43,660] [main] INFO  org.jgap.gp.impl.GPGenotype  - Depths of chroms: 0 / 0
[24.11.2013 10:25:43,661] [main] INFO  org.jgap.gp.impl.GPGenotype  - Best solution fitness: 36.06
[24.11.2013 10:25:43,662] [main] INFO  org.jgap.gp.impl.GPGenotype  - Best solution: X ==> Arg(1)
[24.11.2013 10:25:43,664] [main] INFO  org.jgap.gp.impl.GPGenotype  - Depths of chroms: 0 / 0
[24.11.2013 10:25:43,665] [main] INFO  org.jgap.gp.impl.GPGenotype  - Best solution fitness: 36.06
[24.11.2013 10:25:43,665] [main] INFO  org.jgap.gp.impl.GPGenotype  - Best solution: X ==> Arg(0)
[24.11.2013 10:25:43,668] [main] INFO  org.jgap.gp.impl.GPGenotype  - Depths of chroms: 0 / 0
[24.11.2013 10:25:43,669] [main] INFO  org.jgap.gp.impl.GPGenotype  - Best solution fitness: 36.06
[24.11.2013 10:25:43,670] [main] INFO  org.jgap.gp.impl.GPGenotype  - Best solution: X ==> Arg(0)
[24.11.2013 10:25:43,671] [main] INFO  org.jgap.gp.impl.GPGenotype  - Depths of chroms: 0 / 0
[24.11.2013 10:25:43,672] [main] INFO  org.jgap.gp.impl.GPGenotype  - Best solution fitness: 36.06
[24.11.2013 10:25:43,673] [main] INFO  org.jgap.gp.impl.GPGenotype  - Best solution: X ==> Arg(1)
[24.11.2013 10:25:43,674] [main] INFO  org.jgap.gp.impl.GPGenotype  - Depths of chroms: 0 / 0
[24.11.2013 10:25:43,675] [main] INFO  org.jgap.gp.impl.GPGenotype  - Best solution fitness: 42.66
[24.11.2013 10:25:43,677] [main] INFO  org.jgap.gp.impl.GPGenotype  - Best solution: X + X ==> Arg(1) + ((Arg(0) + Arg(2) + Arg(0)) + Arg(2) + Arg(0)) + Arg(1)
[24.11.2013 10:25:43,678] [main] INFO  org.jgap.gp.impl.GPGenotype  - Depths of chroms: 1 / 3
[24.11.2013 10:25:43,682] [main] INFO  org.jgap.gp.impl.GPGenotype  - Best solution fitness: 2382.66
[24.11.2013 10:25:43,683] [main] INFO  org.jgap.gp.impl.GPGenotype  - Best solution: ADF1((X / X),(ADF1(3.0,X,3.0)),(ADF1(3.0,3.0,3.0))) ==> (Arg(0) + Arg(1) + Arg(0)) + (Arg(0) + Arg(0) + Arg(2)) + (Arg(2) + Arg(1) + Arg(1))
[24.11.2013 10:25:43,685] [main] INFO  org.jgap.gp.impl.GPGenotype  - Depths of chroms: 2 / 2
[24.11.2013 10:25:43,687] [main] INFO  org.jgap.gp.impl.GPGenotype  - Best solution fitness: 83.29
[24.11.2013 10:25:43,689] [main] INFO  org.jgap.gp.impl.GPGenotype  - Best solution: 3.0 - (X * (X / X)) ==> Arg(0) + Arg(1) + Arg(1)
[24.11.2013 10:25:43,690] [main] INFO  org.jgap.gp.impl.GPGenotype  - Depths of chroms: 3 / 1
[24.11.2013 10:25:43,693] [main] INFO  org.jgap.gp.impl.GPGenotype  - Best solution fitness: 1753.99
[24.11.2013 10:25:43,695] [main] INFO  org.jgap.gp.impl.GPGenotype  - Best solution: (ADF1(X,X,3.0)) * (X + 3.0) ==> (Arg(2) + Arg(2) + Arg(2)) + (Arg(2) + Arg(0) + Arg(1)) + (Arg(1) + Arg(1) + Arg(1))
[24.11.2013 10:25:43,697] [main] INFO  org.jgap.gp.impl.GPGenotype  - Depths of chroms: 2 / 2
[24.11.2013 10:25:43,700] [main] INFO  org.jgap.gp.impl.GPGenotype  - Best solution fitness: 36.06
[24.11.2013 10:25:43,702] [main] INFO  org.jgap.gp.impl.GPGenotype  - Best solution: X ==> Arg(0)
[24.11.2013 10:25:43,703] [main] INFO  org.jgap.gp.impl.GPGenotype  - Depths of chroms: 0 / 0
[24.11.2013 10:25:43,704] [main] INFO  org.jgap.gp.impl.GPGenotype  - Best solution fitness: 36.06
[24.11.2013 10:25:43,706] [main] INFO  org.jgap.gp.impl.GPGenotype  - Best solution: X ==> Arg(1)
[24.11.2013 10:25:43,707] [main] INFO  org.jgap.gp.impl.GPGenotype  - Depths of chroms: 0 / 0
[24.11.2013 10:25:43,708] [main] INFO  org.jgap.gp.impl.GPGenotype  - Best solution fitness: 36.06
[24.11.2013 10:25:43,709] [main] INFO  org.jgap.gp.impl.GPGenotype  - Best solution: X ==> Arg(1)
[24.11.2013 10:25:43,711] [main] INFO  org.jgap.gp.impl.GPGenotype  - Depths of chroms: 0 / 0
[24.11.2013 10:25:43,712] [main] INFO  org.jgap.gp.impl.GPGenotype  - Best solution fitness: 36.06
[24.11.2013 10:25:43,713] [main] INFO  org.jgap.gp.impl.GPGenotype  - Best solution: X ==> Arg(1)
[24.11.2013 10:25:43,715] [main] INFO  org.jgap.gp.impl.GPGenotype  - Depths of chroms: 0 / 0
[24.11.2013 10:25:43,716] [main] INFO  org.jgap.gp.impl.GPGenotype  - Best solution fitness: 36.06
[24.11.2013 10:25:43,717] [main] INFO  org.jgap.gp.impl.GPGenotype  - Best solution: X ==> Arg(0)
[24.11.2013 10:25:43,718] [main] INFO  org.jgap.gp.impl.GPGenotype  - Depths of chroms: 0 / 0
[24.11.2013 10:25:43,720] [main] INFO  org.jgap.gp.impl.GPGenotype  - Best solution fitness: 36.06
[24.11.2013 10:25:43,721] [main] INFO  org.jgap.gp.impl.GPGenotype  - Best solution: X ==> Arg(1)
[24.11.2013 10:25:43,722] [main] INFO  org.jgap.gp.impl.GPGenotype  - Depths of chroms: 0 / 0
[24.11.2013 10:25:43,723] [main] INFO  org.jgap.gp.impl.GPGenotype  - Best solution fitness: 36.06
[24.11.2013 10:25:43,724] [main] INFO  org.jgap.gp.impl.GPGenotype  - Best solution: X ==> Arg(1)
[24.11.2013 10:25:43,725] [main] INFO  org.jgap.gp.impl.GPGenotype  - Depths of chroms: 0 / 0
[24.11.2013 10:25:43,726] [main] INFO  org.jgap.gp.impl.GPGenotype  - Best solution fitness: 41.71
[24.11.2013 10:25:43,729] [main] INFO  org.jgap.gp.impl.GPGenotype  - Best solution: (X / X) * (X / 3.0) ==> (Arg(2) + Arg(0) + Arg(1)) + (Arg(0) + Arg(2) + Arg(0)) + (Arg(1) + Arg(2) + Arg(2))
[24.11.2013 10:25:43,730] [main] INFO  org.jgap.gp.impl.GPGenotype  - Depths of chroms: 2 / 2
[24.11.2013 10:25:43,731] [main] INFO  org.jgap.gp.impl.GPGenotype  - Best solution fitness: 1258.00
[24.11.2013 10:25:43,732] [main] INFO  org.jgap.gp.impl.GPGenotype  - Best solution: (3.0 / 3.0) + (8.0 * 8.0) ==> Arg(2)
[24.11.2013 10:25:43,733] [main] INFO  org.jgap.gp.impl.GPGenotype  - Depths of chroms: 2 / 0
[24.11.2013 10:25:43,736] [main] INFO  org.jgap.gp.impl.GPGenotype  - Best solution fitness: 843.58
[24.11.2013 10:25:43,738] [main] INFO  org.jgap.gp.impl.GPGenotype  - Best solution: (8.0 / X) + (ADF1(X,8.0,8.0)) ==> (Arg(1) + Arg(2) + Arg(2)) + (Arg(0) + Arg(0) + Arg(0)) + (Arg(2) + Arg(1) + Arg(0))
[24.11.2013 10:25:43,739] [main] INFO  org.jgap.gp.impl.GPGenotype  - Depths of chroms: 2 / 2
[24.11.2013 10:25:43,747] [main] INFO  org.jgap.gp.impl.GPGenotype  - Best solution fitness: 36.06
[24.11.2013 10:25:43,747] [main] INFO  org.jgap.gp.impl.GPGenotype  - Best solution: X ==> Arg(1)
[24.11.2013 10:25:43,748] [main] INFO  org.jgap.gp.impl.GPGenotype  - Depths of chroms: 0 / 0
[24.11.2013 10:25:43,749] [main] INFO  org.jgap.gp.impl.GPGenotype  - Best solution fitness: 36.06
[24.11.2013 10:25:43,750] [main] INFO  org.jgap.gp.impl.GPGenotype  - Best solution: X ==> Arg(0)
[24.11.2013 10:25:43,752] [main] INFO  org.jgap.gp.impl.GPGenotype  - Depths of chroms: 0 / 0
[24.11.2013 10:25:43,754] [main] INFO  org.jgap.gp.impl.GPGenotype  - Best solution fitness: 36.06
[24.11.2013 10:25:43,755] [main] INFO  org.jgap.gp.impl.GPGenotype  - Best solution: X ==> Arg(1)
[24.11.2013 10:25:43,756] [main] INFO  org.jgap.gp.impl.GPGenotype  - Depths of chroms: 0 / 0
[24.11.2013 10:25:43,757] [main] INFO  org.jgap.gp.impl.GPGenotype  - Best solution fitness: 36.06
[24.11.2013 10:25:43,758] [main] INFO  org.jgap.gp.impl.GPGenotype  - Best solution: X ==> Arg(1)
[24.11.2013 10:25:43,759] [main] INFO  org.jgap.gp.impl.GPGenotype  - Depths of chroms: 0 / 0
[24.11.2013 10:25:43,761] [main] INFO  org.jgap.gp.impl.GPGenotype  - Best solution fitness: 36.06
[24.11.2013 10:25:43,762] [main] INFO  org.jgap.gp.impl.GPGenotype  - Best solution: X ==> Arg(1)
[24.11.2013 10:25:43,763] [main] INFO  org.jgap.gp.impl.GPGenotype  - Depths of chroms: 0 / 0
[24.11.2013 10:25:43,763] [main] INFO  org.jgap.gp.impl.GPGenotype  - Best solution fitness: 36.06
[24.11.2013 10:25:43,766] [main] INFO  org.jgap.gp.impl.GPGenotype  - Best solution: X ==> Arg(1)
[24.11.2013 10:25:43,770] [main] INFO  org.jgap.gp.impl.GPGenotype  - Depths of chroms: 0 / 0
[24.11.2013 10:25:43,771] [main] INFO  org.jgap.gp.impl.GPGenotype  - Best solution fitness: 36.06
[24.11.2013 10:25:43,772] [main] INFO  org.jgap.gp.impl.GPGenotype  - Best solution: X ==> Arg(0)
[24.11.2013 10:25:43,773] [main] INFO  org.jgap.gp.impl.GPGenotype  - Depths of chroms: 0 / 0
[24.11.2013 10:25:43,775] [main] INFO  org.jgap.gp.impl.GPGenotype  - Best solution fitness: 181.99
[24.11.2013 10:25:43,778] [main] INFO  org.jgap.gp.impl.GPGenotype  - Best solution: (7.0 - 7.0) - (ADF1(7.0,X,7.0)) ==> Arg(0)
[24.11.2013 10:25:43,779] [main] INFO  org.jgap.gp.impl.GPGenotype  - Depths of chroms: 2 / 0
[24.11.2013 10:25:43,780] [main] INFO  org.jgap.gp.impl.GPGenotype  - Best solution fitness: 46.61
[24.11.2013 10:25:43,781] [main] INFO  org.jgap.gp.impl.GPGenotype  - Best solution: X - X ==> Arg(0)
[24.11.2013 10:25:43,782] [main] INFO  org.jgap.gp.impl.GPGenotype  - Depths of chroms: 1 / 0
[24.11.2013 10:25:43,786] [main] INFO  org.jgap.gp.impl.GPGenotype  - Best solution fitness: 61.99
[24.11.2013 10:25:43,788] [main] INFO  org.jgap.gp.impl.GPGenotype  - Best solution: (ADF1((5.0 - 5.0),(ADF1(X,5.0,X)),5.0)) * ((ADF1(X,X,X)) * (X / 5.0)) ==> Arg(2)
[24.11.2013 10:25:43,789] [main] INFO  org.jgap.gp.impl.GPGenotype  - Depths of chroms: 3 / 0
[24.11.2013 10:31:51,034] [main] INFO  org.jgap.gp.impl.GPGenotype  - Creating initial population
[24.11.2013 10:31:51,042] [main] INFO  org.jgap.gp.impl.GPGenotype  - Mem free: 57.5 MB
[24.11.2013 10:31:51,060] [main] INFO  org.jgap.gp.impl.GPPopulation  - Prototype program set
[24.11.2013 10:31:51,091] [main] INFO  org.jgap.gp.impl.GPGenotype  - Mem free after creating population: 57.5 MB
[24.11.2013 10:31:51,096] [main] INFO  org.jgap.gp.impl.GPGenotype  - Your configuration does not contain unused commands, this is good
[24.11.2013 10:31:51,110] [main] INFO  org.jgap.gp.impl.GPGenotype  - Best solution fitness: 159.37
[24.11.2013 10:31:51,114] [main] INFO  org.jgap.gp.impl.GPGenotype  - Best solution: 5.0 * X ==> Arg(2)
[24.11.2013 10:31:51,115] [main] INFO  org.jgap.gp.impl.GPGenotype  - Depths of chroms: 1 / 0
[24.11.2013 10:31:51,117] [main] INFO  org.jgap.gp.impl.GPGenotype  - Best solution fitness: 58.83
[24.11.2013 10:31:51,120] [main] INFO  org.jgap.gp.impl.GPGenotype  - Best solution: (X / 5.0) * ((6.0 / 6.0) / (ADF1(6.0,5.0,5.0))) ==> (Arg(0) + Arg(0) + Arg(0)) + (Arg(0) + Arg(0) + Arg(2)) + (Arg(2) + Arg(0) + Arg(0))
[24.11.2013 10:31:51,122] [main] INFO  org.jgap.gp.impl.GPGenotype  - Depths of chroms: 3 / 2
[24.11.2013 10:31:51,123] [main] INFO  org.jgap.gp.impl.GPGenotype  - Best solution fitness: 56.09
[24.11.2013 10:31:51,125] [main] INFO  org.jgap.gp.impl.GPGenotype  - Best solution: ((X - X) + (ADF1(6.0,X,X))) / ((ADF1(X,6.0,X)) / (6.0 / 6.0)) ==> Arg(2)
[24.11.2013 10:31:51,127] [main] INFO  org.jgap.gp.impl.GPGenotype  - Depths of chroms: 3 / 0
[24.11.2013 10:31:51,128] [main] INFO  org.jgap.gp.impl.GPGenotype  - Best solution fitness: 56.09
[24.11.2013 10:31:51,131] [main] INFO  org.jgap.gp.impl.GPGenotype  - Best solution: ((X - X) + (ADF1(6.0,X,X))) / ((ADF1(X,6.0,X)) / (6.0 / 6.0)) ==> Arg(2)
[24.11.2013 10:31:51,133] [main] INFO  org.jgap.gp.impl.GPGenotype  - Depths of chroms: 3 / 0
[24.11.2013 10:31:51,135] [main] INFO  org.jgap.gp.impl.GPGenotype  - Best solution fitness: 56.09
[24.11.2013 10:31:51,137] [main] INFO  org.jgap.gp.impl.GPGenotype  - Best solution: ((X - X) + (ADF1(6.0,X,X))) / ((ADF1(X,6.0,X)) / (6.0 / 6.0)) ==> Arg(2)
[24.11.2013 10:31:51,138] [main] INFO  org.jgap.gp.impl.GPGenotype  - Depths of chroms: 3 / 0
[24.11.2013 10:31:51,139] [main] INFO  org.jgap.gp.impl.GPGenotype  - Best solution fitness: 56.09
[24.11.2013 10:31:51,141] [main] INFO  org.jgap.gp.impl.GPGenotype  - Best solution: ((X - X) + (ADF1(6.0,X,X))) / ((ADF1(X,6.0,X)) / (6.0 / 6.0)) ==> Arg(2)
[24.11.2013 10:31:51,143] [main] INFO  org.jgap.gp.impl.GPGenotype  - Depths of chroms: 3 / 0
[24.11.2013 10:31:51,145] [main] INFO  org.jgap.gp.impl.GPGenotype  - Best solution fitness: 75.78
[24.11.2013 10:31:51,147] [main] INFO  org.jgap.gp.impl.GPGenotype  - Best solution: (ADF1(5.0,3.0,X)) * X ==> Arg(2)
[24.11.2013 10:31:51,148] [main] INFO  org.jgap.gp.impl.GPGenotype  - Depths of chroms: 2 / 0
[24.11.2013 10:31:51,150] [main] INFO  org.jgap.gp.impl.GPGenotype  - Best solution fitness: 78.53
[24.11.2013 10:31:51,153] [main] INFO  org.jgap.gp.impl.GPGenotype  - Best solution: 4.0 ==> Arg(0)
[24.11.2013 10:31:51,154] [main] INFO  org.jgap.gp.impl.GPGenotype  - Depths of chroms: 0 / 0
[24.11.2013 10:31:51,156] [main] INFO  org.jgap.gp.impl.GPGenotype  - Best solution fitness: 78.53
[24.11.2013 10:31:51,157] [main] INFO  org.jgap.gp.impl.GPGenotype  - Best solution: 4.0 ==> Arg(0)
[24.11.2013 10:31:51,158] [main] INFO  org.jgap.gp.impl.GPGenotype  - Depths of chroms: 0 / 0
[24.11.2013 10:31:51,161] [main] INFO  org.jgap.gp.impl.GPGenotype  - Best solution fitness: 153.67
[24.11.2013 10:31:51,164] [main] INFO  org.jgap.gp.impl.GPGenotype  - Best solution: (X - 4.0) + (4.0 * X) ==> (Arg(0) + Arg(2) + Arg(1)) + (Arg(1) + Arg(1) + Arg(1)) + (Arg(1) + Arg(0) + Arg(1))
[24.11.2013 10:31:51,166] [main] INFO  org.jgap.gp.impl.GPGenotype  - Depths of chroms: 2 / 2
[24.11.2013 10:31:51,170] [main] INFO  org.jgap.gp.impl.GPGenotype  - Best solution fitness: 56.09
[24.11.2013 10:31:51,171] [main] INFO  org.jgap.gp.impl.GPGenotype  - Best solution: ((X - X) + (ADF1(6.0,X,X))) / ((ADF1(X,6.0,X)) / (6.0 / 6.0)) ==> Arg(2)
[24.11.2013 10:31:51,172] [main] INFO  org.jgap.gp.impl.GPGenotype  - Depths of chroms: 3 / 0
[24.11.2013 10:31:51,174] [main] INFO  org.jgap.gp.impl.GPGenotype  - Best solution fitness: 56.09
[24.11.2013 10:31:51,177] [main] INFO  org.jgap.gp.impl.GPGenotype  - Best solution: ((X - X) + (ADF1(6.0,X,X))) / ((ADF1(X,6.0,X)) / (6.0 / 6.0)) ==> Arg(2)
[24.11.2013 10:31:51,181] [main] INFO  org.jgap.gp.impl.GPGenotype  - Depths of chroms: 3 / 0
[24.11.2013 10:31:51,184] [main] INFO  org.jgap.gp.impl.GPGenotype  - Best solution fitness: 56.09
[24.11.2013 10:31:51,187] [main] INFO  org.jgap.gp.impl.GPGenotype  - Best solution: ((X - X) + (ADF1(6.0,X,X))) / ((ADF1(X,6.0,X)) / (6.0 / 6.0)) ==> Arg(2)
[24.11.2013 10:31:51,188] [main] INFO  org.jgap.gp.impl.GPGenotype  - Depths of chroms: 3 / 0
[24.11.2013 10:31:51,190] [main] INFO  org.jgap.gp.impl.GPGenotype  - Best solution fitness: 56.09
[24.11.2013 10:31:51,193] [main] INFO  org.jgap.gp.impl.GPGenotype  - Best solution: ((X - X) + (ADF1(6.0,X,X))) / ((ADF1(X,6.0,X)) / (6.0 / 6.0)) ==> Arg(2)
[24.11.2013 10:31:51,194] [main] INFO  org.jgap.gp.impl.GPGenotype  - Depths of chroms: 3 / 0
[24.11.2013 10:31:51,195] [main] INFO  org.jgap.gp.impl.GPGenotype  - Best solution fitness: 56.09
[24.11.2013 10:31:51,198] [main] INFO  org.jgap.gp.impl.GPGenotype  - Best solution: ((X - X) + (ADF1(6.0,X,X))) / ((ADF1(X,6.0,X)) / (6.0 / 6.0)) ==> Arg(2)
[24.11.2013 10:31:51,199] [main] INFO  org.jgap.gp.impl.GPGenotype  - Depths of chroms: 3 / 0
[24.11.2013 10:31:51,201] [main] INFO  org.jgap.gp.impl.GPGenotype  - Best solution fitness: 58.67
[24.11.2013 10:31:51,204] [main] INFO  org.jgap.gp.impl.GPGenotype  - Best solution: (X / 5.0) * ((6.0 / 6.0) / ((ADF1(X,6.0,X)) / (6.0 / 6.0))) ==> (Arg(0) + Arg(0) + Arg(0)) + (Arg(0) + Arg(0) + Arg(2)) + (Arg(2) + Arg(0) + Arg(0))
[24.11.2013 10:31:51,205] [main] INFO  org.jgap.gp.impl.GPGenotype  - Depths of chroms: 4 / 2
[24.11.2013 10:31:51,207] [main] INFO  org.jgap.gp.impl.GPGenotype  - Best solution fitness: 55.42
[24.11.2013 10:31:51,209] [main] INFO  org.jgap.gp.impl.GPGenotype  - Best solution: ((X - X) + (ADF1(6.0,X,X))) / (ADF1(6.0,5.0,5.0)) ==> Arg(2)
[24.11.2013 10:31:51,210] [main] INFO  org.jgap.gp.impl.GPGenotype  - Depths of chroms: 3 / 0
[24.11.2013 10:31:51,213] [main] INFO  org.jgap.gp.impl.GPGenotype  - Best solution fitness: 90.58
[24.11.2013 10:31:51,215] [main] INFO  org.jgap.gp.impl.GPGenotype  - Best solution: 4.0 - ((ADF1(X,4.0,4.0)) - ((ADF1(4.0,4.0,X)) - (4.0 + X))) ==> Arg(1)
[24.11.2013 10:31:51,216] [main] INFO  org.jgap.gp.impl.GPGenotype  - Depths of chroms: 4 / 0
[24.11.2013 10:31:51,216] [main] INFO  org.jgap.gp.impl.GPGenotype  - Best solution fitness: 78.53
[24.11.2013 10:31:51,218] [main] INFO  org.jgap.gp.impl.GPGenotype  - Best solution: 4.0 ==> Arg(1)
[24.11.2013 10:31:51,219] [main] INFO  org.jgap.gp.impl.GPGenotype  - Depths of chroms: 0 / 0
[24.11.2013 10:31:51,220] [main] INFO  org.jgap.gp.impl.GPGenotype  - Best solution fitness: 56.09
[24.11.2013 10:31:51,222] [main] INFO  org.jgap.gp.impl.GPGenotype  - Best solution: (X / X) / (X / X) ==> (Arg(0) + Arg(2) + Arg(0)) + (Arg(0) + Arg(0) + Arg(1)) + (Arg(2) + Arg(1) + Arg(2))
[24.11.2013 10:31:51,223] [main] INFO  org.jgap.gp.impl.GPGenotype  - Depths of chroms: 2 / 2
[24.11.2013 10:31:51,234] [main] INFO  org.jgap.gp.impl.GPGenotype  - Best solution fitness: 58.67
[24.11.2013 10:31:51,236] [main] INFO  org.jgap.gp.impl.GPGenotype  - Best solution: (X / 5.0) * ((6.0 / 6.0) / ((ADF1(X,6.0,X)) / (6.0 / 6.0))) ==> (Arg(0) + Arg(0) + Arg(0)) + (Arg(0) + Arg(0) + Arg(2)) + (Arg(2) + Arg(0) + Arg(0))
[24.11.2013 10:31:51,237] [main] INFO  org.jgap.gp.impl.GPGenotype  - Depths of chroms: 4 / 2
[24.11.2013 10:31:51,240] [main] INFO  org.jgap.gp.impl.GPGenotype  - Best solution fitness: 55.42
[24.11.2013 10:31:51,241] [main] INFO  org.jgap.gp.impl.GPGenotype  - Best solution: ((X - X) + (ADF1(6.0,X,X))) / (ADF1(6.0,5.0,5.0)) ==> Arg(2)
[24.11.2013 10:31:51,242] [main] INFO  org.jgap.gp.impl.GPGenotype  - Depths of chroms: 3 / 0
[24.11.2013 10:31:51,244] [main] INFO  org.jgap.gp.impl.GPGenotype  - Best solution fitness: 56.09
[24.11.2013 10:31:51,245] [main] INFO  org.jgap.gp.impl.GPGenotype  - Best solution: (X / X) / (X / X) ==> Arg(2)
[24.11.2013 10:31:51,247] [main] INFO  org.jgap.gp.impl.GPGenotype  - Depths of chroms: 2 / 0
[24.11.2013 10:31:51,249] [main] INFO  org.jgap.gp.impl.GPGenotype  - Best solution fitness: 521.00
[24.11.2013 10:31:51,251] [main] INFO  org.jgap.gp.impl.GPGenotype  - Best solution: ADF1(6.0,X,X) ==> (Arg(0) + Arg(2) + Arg(0)) + (Arg(0) + Arg(0) + Arg(1)) + (Arg(2) + Arg(1) + Arg(2))
[24.11.2013 10:31:51,252] [main] INFO  org.jgap.gp.impl.GPGenotype  - Depths of chroms: 1 / 2
[24.11.2013 10:31:51,253] [main] INFO  org.jgap.gp.impl.GPGenotype  - Best solution fitness: 56.09
[24.11.2013 10:31:51,255] [main] INFO  org.jgap.gp.impl.GPGenotype  - Best solution: (X / X) / (X / X) ==> (Arg(0) + Arg(2) + Arg(0)) + (Arg(0) + Arg(0) + Arg(1)) + (Arg(2) + Arg(1) + Arg(2))
[24.11.2013 10:31:51,257] [main] INFO  org.jgap.gp.impl.GPGenotype  - Depths of chroms: 2 / 2
[24.11.2013 10:31:51,260] [main] INFO  org.jgap.gp.impl.GPGenotype  - Best solution fitness: 55.42
[24.11.2013 10:31:51,263] [main] INFO  org.jgap.gp.impl.GPGenotype  - Best solution: ((X - X) + (ADF1(6.0,X,X))) / (ADF1(6.0,5.0,5.0)) ==> Arg(2)
[24.11.2013 10:31:51,264] [main] INFO  org.jgap.gp.impl.GPGenotype  - Depths of chroms: 3 / 0
[24.11.2013 10:31:51,266] [main] INFO  org.jgap.gp.impl.GPGenotype  - Best solution fitness: 44.54
[24.11.2013 10:31:51,268] [main] INFO  org.jgap.gp.impl.GPGenotype  - Best solution: (ADF1(X,6.0,X)) / (6.0 / 6.0) ==> Arg(2)
[24.11.2013 10:31:51,270] [main] INFO  org.jgap.gp.impl.GPGenotype  - Depths of chroms: 2 / 0
[24.11.2013 10:31:51,271] [main] INFO  org.jgap.gp.impl.GPGenotype  - Best solution fitness: 57.16
[24.11.2013 10:31:51,274] [main] INFO  org.jgap.gp.impl.GPGenotype  - Best solution: (6.0 / 6.0) / (ADF1(6.0,5.0,5.0)) ==> Arg(2)
[24.11.2013 10:31:51,275] [main] INFO  org.jgap.gp.impl.GPGenotype  - Depths of chroms: 2 / 0
[24.11.2013 10:31:51,278] [main] INFO  org.jgap.gp.impl.GPGenotype  - Best solution fitness: 59.94
[24.11.2013 10:31:51,280] [main] INFO  org.jgap.gp.impl.GPGenotype  - Best solution: ((ADF1(4.0,X,X)) / (ADF1(X,X,X))) - (X / (4.0 + 4.0)) ==> Arg(1)
[24.11.2013 10:31:51,281] [main] INFO  org.jgap.gp.impl.GPGenotype  - Depths of chroms: 3 / 0
[24.11.2013 10:31:51,282] [main] INFO  org.jgap.gp.impl.GPGenotype  - Best solution fitness: 57.16
[24.11.2013 10:31:51,284] [main] INFO  org.jgap.gp.impl.GPGenotype  - Best solution: (6.0 / 6.0) / (ADF1(6.0,5.0,5.0)) ==> Arg(2)
[24.11.2013 10:31:51,285] [main] INFO  org.jgap.gp.impl.GPGenotype  - Depths of chroms: 2 / 0
[24.11.2013 10:31:51,292] [main] INFO  org.jgap.gp.impl.GPGenotype  - Best solution fitness: 44.54
[24.11.2013 10:31:51,293] [main] INFO  org.jgap.gp.impl.GPGenotype  - Best solution: (ADF1(X,6.0,X)) / (6.0 / 6.0) ==> Arg(2)
[24.11.2013 10:31:51,294] [main] INFO  org.jgap.gp.impl.GPGenotype  - Depths of chroms: 2 / 0
[24.11.2013 10:31:51,295] [main] INFO  org.jgap.gp.impl.GPGenotype  - Best solution fitness: 44.54
[24.11.2013 10:31:51,297] [main] INFO  org.jgap.gp.impl.GPGenotype  - Best solution: (ADF1(X,6.0,X)) / (6.0 / 6.0) ==> Arg(2)
[24.11.2013 10:31:51,299] [main] INFO  org.jgap.gp.impl.GPGenotype  - Depths of chroms: 2 / 0
[24.11.2013 10:31:51,302] [main] INFO  org.jgap.gp.impl.GPGenotype  - Best solution fitness: 88.53
[24.11.2013 10:31:51,304] [main] INFO  org.jgap.gp.impl.GPGenotype  - Best solution: (ADF1(X,6.0,X)) / (((X - X) + (ADF1(6.0,X,X))) / (ADF1(6.0,5.0,5.0))) ==> Arg(2)
[24.11.2013 10:31:51,306] [main] INFO  org.jgap.gp.impl.GPGenotype  - Depths of chroms: 4 / 0
[24.11.2013 10:31:51,308] [main] INFO  org.jgap.gp.impl.GPGenotype  - Best solution fitness: 56.09
[24.11.2013 10:31:51,309] [main] INFO  org.jgap.gp.impl.GPGenotype  - Best solution: 6.0 / 6.0 ==> Arg(2)
[24.11.2013 10:31:51,310] [main] INFO  org.jgap.gp.impl.GPGenotype  - Depths of chroms: 1 / 0
[24.11.2013 10:31:51,311] [main] INFO  org.jgap.gp.impl.GPGenotype  - Best solution fitness: 56.09
[24.11.2013 10:31:51,313] [main] INFO  org.jgap.gp.impl.GPGenotype  - Best solution: (X / X) / (X / X) ==> (Arg(0) + Arg(2) + Arg(0)) + (Arg(0) + Arg(0) + Arg(1)) + (Arg(2) + Arg(1) + Arg(2))
[24.11.2013 10:31:51,314] [main] INFO  org.jgap.gp.impl.GPGenotype  - Depths of chroms: 2 / 2
[24.11.2013 10:31:51,315] [main] INFO  org.jgap.gp.impl.GPGenotype  - Best solution fitness: 56.09
[24.11.2013 10:31:51,317] [main] INFO  org.jgap.gp.impl.GPGenotype  - Best solution: (X / X) / (X / X) ==> (Arg(0) + Arg(2) + Arg(0)) + (Arg(0) + Arg(0) + Arg(1)) + (Arg(2) + Arg(1) + Arg(2))
[24.11.2013 10:31:51,318] [main] INFO  org.jgap.gp.impl.GPGenotype  - Depths of chroms: 2 / 2
[24.11.2013 10:31:51,320] [main] INFO  org.jgap.gp.impl.GPGenotype  - Best solution fitness: 44.54
[24.11.2013 10:31:51,321] [main] INFO  org.jgap.gp.impl.GPGenotype  - Best solution: ADF1(6.0,X,X) ==> Arg(2)
[24.11.2013 10:31:51,322] [main] INFO  org.jgap.gp.impl.GPGenotype  - Depths of chroms: 1 / 0
[24.11.2013 10:31:51,323] [main] INFO  org.jgap.gp.impl.GPGenotype  - Best solution fitness: 276.35
[24.11.2013 10:31:51,325] [main] INFO  org.jgap.gp.impl.GPGenotype  - Best solution: (4.0 * (X + X)) - 4.0 ==> Arg(0)
[24.11.2013 10:31:51,326] [main] INFO  org.jgap.gp.impl.GPGenotype  - Depths of chroms: 3 / 0
[24.11.2013 10:31:51,331] [main] INFO  org.jgap.gp.impl.GPGenotype  - Best solution fitness: 1576.83
[24.11.2013 10:31:51,334] [main] INFO  org.jgap.gp.impl.GPGenotype  - Best solution: ((4.0 / X) + ((X * 4.0) + (ADF1(X,4.0,4.0)))) * 4.0 ==> Arg(0) + (Arg(1) + Arg(1) + Arg(1)) + Arg(2)
[24.11.2013 10:31:51,335] [main] INFO  org.jgap.gp.impl.GPGenotype  - Depths of chroms: 4 / 2
[24.11.2013 10:31:51,336] [main] INFO  org.jgap.gp.impl.GPGenotype  - Best solution fitness: 57.16
[24.11.2013 10:31:51,337] [main] INFO  org.jgap.gp.impl.GPGenotype  - Best solution: (6.0 / 6.0) / (ADF1(6.0,5.0,5.0)) ==> Arg(2)
[24.11.2013 10:31:51,338] [main] INFO  org.jgap.gp.impl.GPGenotype  - Depths of chroms: 2 / 0
[24.11.2013 10:31:51,344] [main] INFO  org.jgap.gp.impl.GPGenotype  - Best solution fitness: 56.09
[24.11.2013 10:31:51,347] [main] INFO  org.jgap.gp.impl.GPGenotype  - Best solution: (X / X) / (X / X) ==> (Arg(0) + Arg(2) + Arg(0)) + (Arg(0) + Arg(0) + Arg(1)) + (Arg(2) + Arg(1) + Arg(2))
[24.11.2013 10:31:51,348] [main] INFO  org.jgap.gp.impl.GPGenotype  - Depths of chroms: 2 / 2
[24.11.2013 10:31:51,348] [main] INFO  org.jgap.gp.impl.GPGenotype  - Best solution fitness: 56.09
[24.11.2013 10:31:51,350] [main] INFO  org.jgap.gp.impl.GPGenotype  - Best solution: (X / X) / (X / X) ==> (Arg(0) + Arg(2) + Arg(0)) + (Arg(0) + Arg(0) + Arg(1)) + (Arg(2) + Arg(1) + Arg(2))
[24.11.2013 10:31:51,352] [main] INFO  org.jgap.gp.impl.GPGenotype  - Depths of chroms: 2 / 2
[24.11.2013 10:31:51,353] [main] INFO  org.jgap.gp.impl.GPGenotype  - Best solution fitness: 44.54
[24.11.2013 10:31:51,354] [main] INFO  org.jgap.gp.impl.GPGenotype  - Best solution: (ADF1(X,6.0,X)) / (6.0 / 6.0) ==> Arg(2)
[24.11.2013 10:31:51,355] [main] INFO  org.jgap.gp.impl.GPGenotype  - Depths of chroms: 2 / 0
[24.11.2013 10:31:51,357] [main] INFO  org.jgap.gp.impl.GPGenotype  - Best solution fitness: 44.54
[24.11.2013 10:31:51,358] [main] INFO  org.jgap.gp.impl.GPGenotype  - Best solution: (ADF1(X,6.0,X)) / (6.0 / 6.0) ==> Arg(2)
[24.11.2013 10:31:51,360] [main] INFO  org.jgap.gp.impl.GPGenotype  - Depths of chroms: 2 / 0
[24.11.2013 10:31:51,362] [main] INFO  org.jgap.gp.impl.GPGenotype  - Best solution fitness: 44.54
[24.11.2013 10:31:51,364] [main] INFO  org.jgap.gp.impl.GPGenotype  - Best solution: (ADF1(X,6.0,X)) / (6.0 / 6.0) ==> Arg(2)
[24.11.2013 10:31:51,365] [main] INFO  org.jgap.gp.impl.GPGenotype  - Depths of chroms: 2 / 0
[24.11.2013 10:31:51,366] [main] INFO  org.jgap.gp.impl.GPGenotype  - Best solution fitness: 44.54
[24.11.2013 10:31:51,369] [main] INFO  org.jgap.gp.impl.GPGenotype  - Best solution: (ADF1(X,6.0,X)) / (6.0 / 6.0) ==> Arg(2)
[24.11.2013 10:31:51,373] [main] INFO  org.jgap.gp.impl.GPGenotype  - Depths of chroms: 2 / 0
[24.11.2013 10:31:51,375] [main] INFO  org.jgap.gp.impl.GPGenotype  - Best solution fitness: 44.54
[24.11.2013 10:31:51,376] [main] INFO  org.jgap.gp.impl.GPGenotype  - Best solution: ADF1(6.0,X,X) ==> Arg(2)
[24.11.2013 10:31:51,377] [main] INFO  org.jgap.gp.impl.GPGenotype  - Depths of chroms: 1 / 0
[24.11.2013 10:31:51,378] [main] INFO  org.jgap.gp.impl.GPGenotype  - Best solution fitness: 57.16
[24.11.2013 10:31:51,380] [main] INFO  org.jgap.gp.impl.GPGenotype  - Best solution: (6.0 / 6.0) / (ADF1(6.0,5.0,5.0)) ==> Arg(2)
[24.11.2013 10:31:51,381] [main] INFO  org.jgap.gp.impl.GPGenotype  - Depths of chroms: 2 / 0
[24.11.2013 10:31:51,384] [main] INFO  org.jgap.gp.impl.GPGenotype  - Best solution fitness: 68.69
[24.11.2013 10:31:51,386] [main] INFO  org.jgap.gp.impl.GPGenotype  - Best solution: (ADF1((X + 4.0),(4.0 / X),(ADF1(X,X,4.0)))) / 4.0 ==> Arg(1)
[24.11.2013 10:31:51,387] [main] INFO  org.jgap.gp.impl.GPGenotype  - Depths of chroms: 3 / 0
[24.11.2013 10:31:51,388] [main] INFO  org.jgap.gp.impl.GPGenotype  - Best solution fitness: 58.89
[24.11.2013 10:31:51,389] [main] INFO  org.jgap.gp.impl.GPGenotype  - Best solution: (X - X) / (4.0 + X) ==> (Arg(0) + Arg(2) + Arg(1)) + (Arg(0) + Arg(2) + Arg(1)) + (Arg(0) + Arg(0) + Arg(1))
[24.11.2013 10:31:51,391] [main] INFO  org.jgap.gp.impl.GPGenotype  - Depths of chroms: 2 / 2
[24.11.2013 10:31:51,399] [main] INFO  org.jgap.gp.impl.GPGenotype  - Best solution fitness: 56.09
[24.11.2013 10:31:51,400] [main] INFO  org.jgap.gp.impl.GPGenotype  - Best solution: (ADF1(X,6.0,X)) / (ADF1(6.0,X,X)) ==> Arg(2)
[24.11.2013 10:31:51,402] [main] INFO  org.jgap.gp.impl.GPGenotype  - Depths of chroms: 2 / 0
[24.11.2013 10:31:51,404] [main] INFO  org.jgap.gp.impl.GPGenotype  - Best solution fitness: 56.09
[24.11.2013 10:31:51,406] [main] INFO  org.jgap.gp.impl.GPGenotype  - Best solution: 6.0 / 6.0 ==> Arg(2)
[24.11.2013 10:31:51,407] [main] INFO  org.jgap.gp.impl.GPGenotype  - Depths of chroms: 1 / 0
[24.11.2013 10:31:51,409] [main] INFO  org.jgap.gp.impl.GPGenotype  - Best solution fitness: 44.54
[24.11.2013 10:31:51,411] [main] INFO  org.jgap.gp.impl.GPGenotype  - Best solution: ADF1(6.0,X,X) ==> Arg(2)
[24.11.2013 10:31:51,414] [main] INFO  org.jgap.gp.impl.GPGenotype  - Depths of chroms: 1 / 0
[24.11.2013 10:31:51,415] [main] INFO  org.jgap.gp.impl.GPGenotype  - Best solution fitness: 44.54
[24.11.2013 10:31:51,417] [main] INFO  org.jgap.gp.impl.GPGenotype  - Best solution: (ADF1(X,6.0,X)) / (6.0 / 6.0) ==> Arg(2)
[24.11.2013 10:31:51,419] [main] INFO  org.jgap.gp.impl.GPGenotype  - Depths of chroms: 2 / 0
[24.11.2013 10:31:51,421] [main] INFO  org.jgap.gp.impl.GPGenotype  - Best solution fitness: 44.54
[24.11.2013 10:31:51,422] [main] INFO  org.jgap.gp.impl.GPGenotype  - Best solution: (ADF1(X,6.0,X)) / (6.0 / 6.0) ==> Arg(2)
[24.11.2013 10:31:51,424] [main] INFO  org.jgap.gp.impl.GPGenotype  - Depths of chroms: 2 / 0
[24.11.2013 10:31:51,426] [main] INFO  org.jgap.gp.impl.GPGenotype  - Best solution fitness: 44.54
[24.11.2013 10:31:51,428] [main] INFO  org.jgap.gp.impl.GPGenotype  - Best solution: (ADF1(X,6.0,X)) / (6.0 / 6.0) ==> Arg(2)
[24.11.2013 10:31:51,429] [main] INFO  org.jgap.gp.impl.GPGenotype  - Depths of chroms: 2 / 0
[24.11.2013 10:31:51,431] [main] INFO  org.jgap.gp.impl.GPGenotype  - Best solution fitness: 44.54
[24.11.2013 10:31:51,432] [main] INFO  org.jgap.gp.impl.GPGenotype  - Best solution: (ADF1(X,6.0,X)) / (6.0 / 6.0) ==> Arg(2)
[24.11.2013 10:31:51,433] [main] INFO  org.jgap.gp.impl.GPGenotype  - Depths of chroms: 2 / 0
[24.11.2013 10:31:51,434] [main] INFO  org.jgap.gp.impl.GPGenotype  - Best solution fitness: 57.16
[24.11.2013 10:31:51,435] [main] INFO  org.jgap.gp.impl.GPGenotype  - Best solution: (6.0 / 6.0) / (ADF1(6.0,5.0,5.0)) ==> Arg(2)
[24.11.2013 10:31:51,436] [main] INFO  org.jgap.gp.impl.GPGenotype  - Depths of chroms: 2 / 0
[24.11.2013 10:31:51,437] [main] INFO  org.jgap.gp.impl.GPGenotype  - Best solution fitness: 61.51
[24.11.2013 10:31:51,439] [main] INFO  org.jgap.gp.impl.GPGenotype  - Best solution: (X + X) / X ==> Arg(0)
[24.11.2013 10:31:51,440] [main] INFO  org.jgap.gp.impl.GPGenotype  - Depths of chroms: 2 / 0
[24.11.2013 10:31:51,441] [main] INFO  org.jgap.gp.impl.GPGenotype  - Best solution fitness: 87.74
[24.11.2013 10:31:51,443] [main] INFO  org.jgap.gp.impl.GPGenotype  - Best solution: (X + 6.0) / (X + X) ==> (Arg(1) + Arg(0) + Arg(0)) + (Arg(0) + Arg(2) + Arg(0)) + (Arg(2) + Arg(1) + Arg(0))
[24.11.2013 10:31:51,444] [main] INFO  org.jgap.gp.impl.GPGenotype  - Depths of chroms: 2 / 2
[24.11.2013 10:35:42,043] [main] INFO  org.jgap.gp.impl.GPGenotype  - Creating initial population
[24.11.2013 10:35:42,050] [main] INFO  org.jgap.gp.impl.GPGenotype  - Mem free: 57.5 MB
[24.11.2013 10:35:42,068] [main] INFO  org.jgap.gp.impl.GPPopulation  - Prototype program set
[24.11.2013 10:35:42,102] [main] INFO  org.jgap.gp.impl.GPGenotype  - Mem free after creating population: 57.5 MB
[24.11.2013 10:35:42,106] [main] INFO  org.jgap.gp.impl.GPGenotype  - Your configuration does not contain unused commands, this is good
[24.11.2013 10:35:42,122] [main] INFO  org.jgap.gp.impl.GPGenotype  - Best solution fitness: 59.22
[24.11.2013 10:35:42,126] [main] INFO  org.jgap.gp.impl.GPGenotype  - Best solution: X ==> ((Arg(1) + Arg(1) + Arg(0)) + (Arg(2) + Arg(2) + Arg(2)) + Arg(2)) + (Arg(2) + Arg(1) + Arg(0)) + Arg(1)
[24.11.2013 10:35:42,127] [main] INFO  org.jgap.gp.impl.GPGenotype  - Depths of chroms: 0 / 3
[24.11.2013 10:35:42,129] [main] INFO  org.jgap.gp.impl.GPGenotype  - Best solution fitness: 78.40
[24.11.2013 10:35:42,131] [main] INFO  org.jgap.gp.impl.GPGenotype  - Best solution: 5.0 ==> Arg(0)
[24.11.2013 10:35:42,133] [main] INFO  org.jgap.gp.impl.GPGenotype  - Depths of chroms: 0 / 0
[24.11.2013 10:35:42,134] [main] INFO  org.jgap.gp.impl.GPGenotype  - Best solution fitness: 59.22
[24.11.2013 10:35:42,136] [main] INFO  org.jgap.gp.impl.GPGenotype  - Best solution: X ==> ((Arg(1) + Arg(1) + Arg(0)) + (Arg(2) + Arg(2) + Arg(2)) + Arg(2)) + (Arg(2) + Arg(1) + Arg(0)) + Arg(1)
[24.11.2013 10:35:42,137] [main] INFO  org.jgap.gp.impl.GPGenotype  - Depths of chroms: 0 / 3
[24.11.2013 10:35:42,139] [main] INFO  org.jgap.gp.impl.GPGenotype  - Best solution fitness: 76.40
[24.11.2013 10:35:42,141] [main] INFO  org.jgap.gp.impl.GPGenotype  - Best solution: 2.0 + 2.0 ==> (Arg(1) + Arg(1) + Arg(0)) + (Arg(1) + Arg(1) + Arg(1)) + (Arg(1) + Arg(1) + Arg(0))
[24.11.2013 10:35:42,142] [main] INFO  org.jgap.gp.impl.GPGenotype  - Depths of chroms: 1 / 2
[24.11.2013 10:35:42,144] [main] INFO  org.jgap.gp.impl.GPGenotype  - Best solution fitness: 38.97
[24.11.2013 10:35:42,145] [main] INFO  org.jgap.gp.impl.GPGenotype  - Best solution: (X + X) - (2.0 / 2.0) ==> Arg(0)
[24.11.2013 10:35:42,147] [main] INFO  org.jgap.gp.impl.GPGenotype  - Depths of chroms: 2 / 0
[24.11.2013 10:35:42,148] [main] INFO  org.jgap.gp.impl.GPGenotype  - Best solution fitness: 59.22
[24.11.2013 10:35:42,150] [main] INFO  org.jgap.gp.impl.GPGenotype  - Best solution: X ==> ((Arg(1) + Arg(1) + Arg(0)) + (Arg(2) + Arg(2) + Arg(2)) + Arg(2)) + (Arg(2) + Arg(1) + Arg(0)) + Arg(1)
[24.11.2013 10:35:42,151] [main] INFO  org.jgap.gp.impl.GPGenotype  - Depths of chroms: 0 / 3
[24.11.2013 10:35:42,154] [main] INFO  org.jgap.gp.impl.GPGenotype  - Best solution fitness: 76.40
[24.11.2013 10:35:42,156] [main] INFO  org.jgap.gp.impl.GPGenotype  - Best solution: ADF1(((ADF1(2.0,X,X)) + 2.0),(2.0 - (2.0 + 2.0)),((X + X) / (X / 2.0))) ==> Arg(0)
[24.11.2013 10:35:42,157] [main] INFO  org.jgap.gp.impl.GPGenotype  - Depths of chroms: 3 / 0
[24.11.2013 10:35:42,158] [main] INFO  org.jgap.gp.impl.GPGenotype  - Best solution fitness: 258.76
[24.11.2013 10:35:42,163] [main] INFO  org.jgap.gp.impl.GPGenotype  - Best solution: X * 6.0 ==> Arg(0)
[24.11.2013 10:35:42,164] [main] INFO  org.jgap.gp.impl.GPGenotype  - Depths of chroms: 1 / 0
[24.11.2013 10:35:42,165] [main] INFO  org.jgap.gp.impl.GPGenotype  - Best solution fitness: 59.22
[24.11.2013 10:35:42,166] [main] INFO  org.jgap.gp.impl.GPGenotype  - Best solution: X ==> Arg(2)
[24.11.2013 10:35:42,168] [main] INFO  org.jgap.gp.impl.GPGenotype  - Depths of chroms: 0 / 0
[24.11.2013 10:35:42,170] [main] INFO  org.jgap.gp.impl.GPGenotype  - Best solution fitness: 94.04
[24.11.2013 10:35:42,171] [main] INFO  org.jgap.gp.impl.GPGenotype  - Best solution: ((X + (10.0 - 10.0)) + X) / 10.0 ==> (Arg(0) + Arg(2) + Arg(0)) + Arg(0) + Arg(0)
[24.11.2013 10:35:42,172] [main] INFO  org.jgap.gp.impl.GPGenotype  - Depths of chroms: 4 / 2
[24.11.2013 10:35:42,180] [main] INFO  org.jgap.gp.impl.GPGenotype  - Best solution fitness: 38.97
[24.11.2013 10:35:42,181] [main] INFO  org.jgap.gp.impl.GPGenotype  - Best solution: (X + X) - (2.0 / 2.0) ==> Arg(0)
[24.11.2013 10:35:42,182] [main] INFO  org.jgap.gp.impl.GPGenotype  - Depths of chroms: 2 / 0
[24.11.2013 10:35:42,183] [main] INFO  org.jgap.gp.impl.GPGenotype  - Best solution fitness: 59.22
[24.11.2013 10:35:42,184] [main] INFO  org.jgap.gp.impl.GPGenotype  - Best solution: X ==> Arg(2)
[24.11.2013 10:35:42,186] [main] INFO  org.jgap.gp.impl.GPGenotype  - Depths of chroms: 0 / 0
[24.11.2013 10:35:42,196] [main] INFO  org.jgap.gp.impl.GPGenotype  - Best solution fitness: 38.97
[24.11.2013 10:35:42,198] [main] INFO  org.jgap.gp.impl.GPGenotype  - Best solution: (X + X) - (2.0 / 2.0) ==> Arg(0)
[24.11.2013 10:35:42,200] [main] INFO  org.jgap.gp.impl.GPGenotype  - Depths of chroms: 2 / 0
[24.11.2013 10:35:42,200] [main] INFO  org.jgap.gp.impl.GPGenotype  - Best solution fitness: 59.22
[24.11.2013 10:35:42,203] [main] INFO  org.jgap.gp.impl.GPGenotype  - Best solution: X ==> ((Arg(1) + Arg(1) + Arg(0)) + (Arg(2) + Arg(2) + Arg(2)) + Arg(2)) + (Arg(2) + Arg(1) + Arg(0)) + Arg(1)
[24.11.2013 10:35:42,204] [main] INFO  org.jgap.gp.impl.GPGenotype  - Depths of chroms: 0 / 3
[24.11.2013 10:35:42,205] [main] INFO  org.jgap.gp.impl.GPGenotype  - Best solution fitness: 59.22
[24.11.2013 10:35:42,206] [main] INFO  org.jgap.gp.impl.GPGenotype  - Best solution: X ==> Arg(2)
[24.11.2013 10:35:42,208] [main] INFO  org.jgap.gp.impl.GPGenotype  - Depths of chroms: 0 / 0
[24.11.2013 10:35:42,209] [main] INFO  org.jgap.gp.impl.GPGenotype  - Best solution fitness: 38.97
[24.11.2013 10:35:42,211] [main] INFO  org.jgap.gp.impl.GPGenotype  - Best solution: (X + X) - (2.0 / 2.0) ==> Arg(0)
[24.11.2013 10:35:42,212] [main] INFO  org.jgap.gp.impl.GPGenotype  - Depths of chroms: 2 / 0
[24.11.2013 10:35:42,213] [main] INFO  org.jgap.gp.impl.GPGenotype  - Best solution fitness: 38.97
[24.11.2013 10:35:42,214] [main] INFO  org.jgap.gp.impl.GPGenotype  - Best solution: (X + X) - (2.0 / 2.0) ==> Arg(0)
[24.11.2013 10:35:42,215] [main] INFO  org.jgap.gp.impl.GPGenotype  - Depths of chroms: 2 / 0
[24.11.2013 10:35:42,217] [main] INFO  org.jgap.gp.impl.GPGenotype  - Best solution fitness: 41.75
[24.11.2013 10:35:42,219] [main] INFO  org.jgap.gp.impl.GPGenotype  - Best solution: (X - X) + (X + X) ==> (Arg(2) + Arg(2) + Arg(2)) + (Arg(1) + Arg(2) + Arg(0)) + (Arg(2) + Arg(2) + Arg(2))
[24.11.2013 10:35:42,220] [main] INFO  org.jgap.gp.impl.GPGenotype  - Depths of chroms: 2 / 2
[24.11.2013 10:35:42,222] [main] INFO  org.jgap.gp.impl.GPGenotype  - Best solution fitness: 80.71
[24.11.2013 10:35:42,223] [main] INFO  org.jgap.gp.impl.GPGenotype  - Best solution: (X + X) + (ADF1(X,X,10.0)) ==> Arg(0)
[24.11.2013 10:35:42,224] [main] INFO  org.jgap.gp.impl.GPGenotype  - Depths of chroms: 2 / 0
[24.11.2013 10:35:42,225] [main] INFO  org.jgap.gp.impl.GPGenotype  - Best solution fitness: 258.76
[24.11.2013 10:35:42,227] [main] INFO  org.jgap.gp.impl.GPGenotype  - Best solution: X * 6.0 ==> Arg(0)
[24.11.2013 10:35:42,228] [main] INFO  org.jgap.gp.impl.GPGenotype  - Depths of chroms: 1 / 0
[24.11.2013 10:35:42,235] [main] INFO  org.jgap.gp.impl.GPGenotype  - Best solution fitness: 91.64
[24.11.2013 10:35:42,236] [main] INFO  org.jgap.gp.impl.GPGenotype  - Best solution: (X + X) - ((X + X) - (2.0 / 2.0)) ==> Arg(0)
[24.11.2013 10:35:42,237] [main] INFO  org.jgap.gp.impl.GPGenotype  - Depths of chroms: 3 / 0
[24.11.2013 10:35:42,238] [main] INFO  org.jgap.gp.impl.GPGenotype  - Best solution fitness: 91.64
[24.11.2013 10:35:42,239] [main] INFO  org.jgap.gp.impl.GPGenotype  - Best solution: 2.0 / 2.0 ==> Arg(0)
[24.11.2013 10:35:42,240] [main] INFO  org.jgap.gp.impl.GPGenotype  - Depths of chroms: 1 / 0
[24.11.2013 10:35:42,241] [main] INFO  org.jgap.gp.impl.GPGenotype  - Best solution fitness: 38.97
[24.11.2013 10:35:42,243] [main] INFO  org.jgap.gp.impl.GPGenotype  - Best solution: (X + X) - (2.0 / 2.0) ==> Arg(0)
[24.11.2013 10:35:42,245] [main] INFO  org.jgap.gp.impl.GPGenotype  - Depths of chroms: 2 / 0
[24.11.2013 10:35:42,246] [main] INFO  org.jgap.gp.impl.GPGenotype  - Best solution fitness: 38.97
[24.11.2013 10:35:42,247] [main] INFO  org.jgap.gp.impl.GPGenotype  - Best solution: (X + X) - (2.0 / 2.0) ==> Arg(0)
[24.11.2013 10:35:42,248] [main] INFO  org.jgap.gp.impl.GPGenotype  - Depths of chroms: 2 / 0
[24.11.2013 10:35:42,249] [main] INFO  org.jgap.gp.impl.GPGenotype  - Best solution fitness: 38.97
[24.11.2013 10:35:42,251] [main] INFO  org.jgap.gp.impl.GPGenotype  - Best solution: (X + X) - (2.0 / 2.0) ==> Arg(0)
[24.11.2013 10:35:42,252] [main] INFO  org.jgap.gp.impl.GPGenotype  - Depths of chroms: 2 / 0
[24.11.2013 10:35:42,253] [main] INFO  org.jgap.gp.impl.GPGenotype  - Best solution fitness: 38.97
[24.11.2013 10:35:42,254] [main] INFO  org.jgap.gp.impl.GPGenotype  - Best solution: (X + X) - (2.0 / 2.0) ==> Arg(0)
[24.11.2013 10:35:42,255] [main] INFO  org.jgap.gp.impl.GPGenotype  - Depths of chroms: 2 / 0
[24.11.2013 10:35:42,257] [main] INFO  org.jgap.gp.impl.GPGenotype  - Best solution fitness: 38.97
[24.11.2013 10:35:42,258] [main] INFO  org.jgap.gp.impl.GPGenotype  - Best solution: (X + X) - (2.0 / 2.0) ==> Arg(0)
[24.11.2013 10:35:42,259] [main] INFO  org.jgap.gp.impl.GPGenotype  - Depths of chroms: 2 / 0
[24.11.2013 10:35:42,263] [main] INFO  org.jgap.gp.impl.GPGenotype  - Best solution fitness: 59.22
[24.11.2013 10:35:42,264] [main] INFO  org.jgap.gp.impl.GPGenotype  - Best solution: 9.0 * (X / (ADF1((ADF1(9.0,X,9.0)),9.0,(9.0 / 9.0)))) ==> Arg(1)
[24.11.2013 10:35:42,265] [main] INFO  org.jgap.gp.impl.GPGenotype  - Depths of chroms: 4 / 0
[24.11.2013 10:35:42,266] [main] INFO  org.jgap.gp.impl.GPGenotype  - Best solution fitness: 82.43
[24.11.2013 10:35:42,268] [main] INFO  org.jgap.gp.impl.GPGenotype  - Best solution: (X / 9.0) * (9.0 - X) ==> Arg(1)
[24.11.2013 10:35:42,269] [main] INFO  org.jgap.gp.impl.GPGenotype  - Depths of chroms: 2 / 0
[24.11.2013 10:35:42,270] [main] INFO  org.jgap.gp.impl.GPGenotype  - Best solution fitness: 258.76
[24.11.2013 10:35:42,271] [main] INFO  org.jgap.gp.impl.GPGenotype  - Best solution: X * 6.0 ==> Arg(0)
[24.11.2013 10:35:42,272] [main] INFO  org.jgap.gp.impl.GPGenotype  - Depths of chroms: 1 / 0
[24.11.2013 10:35:42,280] [main] INFO  org.jgap.gp.impl.GPGenotype  - Best solution fitness: 38.97
[24.11.2013 10:35:42,282] [main] INFO  org.jgap.gp.impl.GPGenotype  - Best solution: (X + X) - (2.0 / 2.0) ==> Arg(0)
[24.11.2013 10:35:42,282] [main] INFO  org.jgap.gp.impl.GPGenotype  - Depths of chroms: 2 / 0
[24.11.2013 10:35:42,284] [main] INFO  org.jgap.gp.impl.GPGenotype  - Best solution fitness: 38.97
[24.11.2013 10:35:42,285] [main] INFO  org.jgap.gp.impl.GPGenotype  - Best solution: (X + X) - (2.0 / 2.0) ==> Arg(0)
[24.11.2013 10:35:42,286] [main] INFO  org.jgap.gp.impl.GPGenotype  - Depths of chroms: 2 / 0
[24.11.2013 10:35:42,287] [main] INFO  org.jgap.gp.impl.GPGenotype  - Best solution fitness: 38.97
[24.11.2013 10:35:42,288] [main] INFO  org.jgap.gp.impl.GPGenotype  - Best solution: (X + X) - (9.0 / 9.0) ==> Arg(0)
[24.11.2013 10:35:42,289] [main] INFO  org.jgap.gp.impl.GPGenotype  - Depths of chroms: 2 / 0
[24.11.2013 10:35:42,291] [main] INFO  org.jgap.gp.impl.GPGenotype  - Best solution fitness: 59.22
[24.11.2013 10:35:42,293] [main] INFO  org.jgap.gp.impl.GPGenotype  - Best solution: 9.0 * (X / (ADF1((ADF1(9.0,X,9.0)),9.0,(2.0 / 2.0)))) ==> Arg(1)
[24.11.2013 10:35:42,294] [main] INFO  org.jgap.gp.impl.GPGenotype  - Depths of chroms: 4 / 0
[24.11.2013 10:35:42,295] [main] INFO  org.jgap.gp.impl.GPGenotype  - Best solution fitness: 38.97
[24.11.2013 10:35:42,299] [main] INFO  org.jgap.gp.impl.GPGenotype  - Best solution: (X + X) - (2.0 / 2.0) ==> Arg(0)
[24.11.2013 10:35:42,301] [main] INFO  org.jgap.gp.impl.GPGenotype  - Depths of chroms: 2 / 0
[24.11.2013 10:35:42,302] [main] INFO  org.jgap.gp.impl.GPGenotype  - Best solution fitness: 38.97
[24.11.2013 10:35:42,303] [main] INFO  org.jgap.gp.impl.GPGenotype  - Best solution: (X + X) - (2.0 / 2.0) ==> Arg(0)
[24.11.2013 10:35:42,304] [main] INFO  org.jgap.gp.impl.GPGenotype  - Depths of chroms: 2 / 0
[24.11.2013 10:35:42,305] [main] INFO  org.jgap.gp.impl.GPGenotype  - Best solution fitness: 38.97
[24.11.2013 10:35:42,307] [main] INFO  org.jgap.gp.impl.GPGenotype  - Best solution: (X + X) - (2.0 / 2.0) ==> Arg(0)
[24.11.2013 10:35:42,308] [main] INFO  org.jgap.gp.impl.GPGenotype  - Depths of chroms: 2 / 0
[24.11.2013 10:35:42,309] [main] INFO  org.jgap.gp.impl.GPGenotype  - Best solution fitness: 258.76
[24.11.2013 10:35:42,311] [main] INFO  org.jgap.gp.impl.GPGenotype  - Best solution: X * 6.0 ==> Arg(0)
[24.11.2013 10:35:42,312] [main] INFO  org.jgap.gp.impl.GPGenotype  - Depths of chroms: 1 / 0
[24.11.2013 10:35:42,315] [main] INFO  org.jgap.gp.impl.GPGenotype  - Best solution fitness: 132.48
[24.11.2013 10:35:42,317] [main] INFO  org.jgap.gp.impl.GPGenotype  - Best solution: (X / (6.0 - X)) - (6.0 - X) ==> Arg(0)
[24.11.2013 10:35:42,318] [main] INFO  org.jgap.gp.impl.GPGenotype  - Depths of chroms: 3 / 0
[24.11.2013 10:35:42,319] [main] INFO  org.jgap.gp.impl.GPGenotype  - Best solution fitness: 258.76
[24.11.2013 10:35:42,321] [main] INFO  org.jgap.gp.impl.GPGenotype  - Best solution: X * 6.0 ==> Arg(0)
[24.11.2013 10:35:42,321] [main] INFO  org.jgap.gp.impl.GPGenotype  - Depths of chroms: 1 / 0
[24.11.2013 10:35:42,328] [main] INFO  org.jgap.gp.impl.GPGenotype  - Best solution fitness: 91.64
[24.11.2013 10:35:42,329] [main] INFO  org.jgap.gp.impl.GPGenotype  - Best solution: 9.0 / 9.0 ==> Arg(0)
[24.11.2013 10:35:42,330] [main] INFO  org.jgap.gp.impl.GPGenotype  - Depths of chroms: 1 / 0
[24.11.2013 10:35:42,330] [main] INFO  org.jgap.gp.impl.GPGenotype  - Best solution fitness: 91.64
[24.11.2013 10:35:42,334] [main] INFO  org.jgap.gp.impl.GPGenotype  - Best solution: (X + X) - ((X + X) - (2.0 / 2.0)) ==> Arg(0)
[24.11.2013 10:35:42,335] [main] INFO  org.jgap.gp.impl.GPGenotype  - Depths of chroms: 3 / 0
[24.11.2013 10:35:42,337] [main] INFO  org.jgap.gp.impl.GPGenotype  - Best solution fitness: 38.97
[24.11.2013 10:35:42,338] [main] INFO  org.jgap.gp.impl.GPGenotype  - Best solution: (X + X) - (2.0 / 2.0) ==> Arg(0)
[24.11.2013 10:35:42,339] [main] INFO  org.jgap.gp.impl.GPGenotype  - Depths of chroms: 2 / 0
[24.11.2013 10:35:42,341] [main] INFO  org.jgap.gp.impl.GPGenotype  - Best solution fitness: 38.97
[24.11.2013 10:35:42,342] [main] INFO  org.jgap.gp.impl.GPGenotype  - Best solution: (X + X) - (9.0 / 9.0) ==> Arg(0)
[24.11.2013 10:35:42,343] [main] INFO  org.jgap.gp.impl.GPGenotype  - Depths of chroms: 2 / 0
[24.11.2013 10:35:42,344] [main] INFO  org.jgap.gp.impl.GPGenotype  - Best solution fitness: 91.64
[24.11.2013 10:35:42,345] [main] INFO  org.jgap.gp.impl.GPGenotype  - Best solution: 9.0 / 9.0 ==> Arg(0)
[24.11.2013 10:35:42,346] [main] INFO  org.jgap.gp.impl.GPGenotype  - Depths of chroms: 1 / 0
[24.11.2013 10:35:42,347] [main] INFO  org.jgap.gp.impl.GPGenotype  - Best solution fitness: 91.64
[24.11.2013 10:35:42,350] [main] INFO  org.jgap.gp.impl.GPGenotype  - Best solution: (X + X) - ((X + X) - (2.0 / 2.0)) ==> Arg(0)
[24.11.2013 10:35:42,351] [main] INFO  org.jgap.gp.impl.GPGenotype  - Depths of chroms: 3 / 0
[24.11.2013 10:35:42,351] [main] INFO  org.jgap.gp.impl.GPGenotype  - Best solution fitness: 38.97
[24.11.2013 10:35:42,352] [main] INFO  org.jgap.gp.impl.GPGenotype  - Best solution: (X + X) - (2.0 / 2.0) ==> Arg(0)
[24.11.2013 10:35:42,355] [main] INFO  org.jgap.gp.impl.GPGenotype  - Depths of chroms: 2 / 0
[24.11.2013 10:35:42,355] [main] INFO  org.jgap.gp.impl.GPGenotype  - Best solution fitness: 258.76
[24.11.2013 10:35:42,356] [main] INFO  org.jgap.gp.impl.GPGenotype  - Best solution: X * 6.0 ==> Arg(0)
[24.11.2013 10:35:42,357] [main] INFO  org.jgap.gp.impl.GPGenotype  - Depths of chroms: 1 / 0
[24.11.2013 10:35:42,358] [main] INFO  org.jgap.gp.impl.GPGenotype  - Best solution fitness: 59.22
[24.11.2013 10:35:42,362] [main] INFO  org.jgap.gp.impl.GPGenotype  - Best solution: X ==> Arg(2) + Arg(2) + (Arg(2) + Arg(0) + Arg(0))
[24.11.2013 10:35:42,363] [main] INFO  org.jgap.gp.impl.GPGenotype  - Depths of chroms: 0 / 2
[24.11.2013 10:35:42,365] [main] INFO  org.jgap.gp.impl.GPGenotype  - Best solution fitness: 93.27
[24.11.2013 10:35:42,372] [main] INFO  org.jgap.gp.impl.GPGenotype  - Best solution: (ADF1(3.0,3.0,3.0)) / (ADF1(3.0,X,3.0)) ==> (Arg(0) + Arg(2) + Arg(2)) + (Arg(0) + Arg(2) + Arg(1)) + (Arg(1) + Arg(0) + Arg(0))
[24.11.2013 10:35:42,374] [main] INFO  org.jgap.gp.impl.GPGenotype  - Depths of chroms: 2 / 2
[24.11.2013 10:35:42,379] [main] INFO  org.jgap.gp.impl.GPGenotype  - Best solution fitness: 38.97
[24.11.2013 10:35:42,380] [main] INFO  org.jgap.gp.impl.GPGenotype  - Best solution: (X + X) - (2.0 / 2.0) ==> Arg(0)
[24.11.2013 10:35:42,380] [main] INFO  org.jgap.gp.impl.GPGenotype  - Depths of chroms: 2 / 0
[24.11.2013 10:35:42,381] [main] INFO  org.jgap.gp.impl.GPGenotype  - Best solution fitness: 38.97
[24.11.2013 10:35:42,382] [main] INFO  org.jgap.gp.impl.GPGenotype  - Best solution: (X + X) - (2.0 / 2.0) ==> Arg(0)
[24.11.2013 10:35:42,384] [main] INFO  org.jgap.gp.impl.GPGenotype  - Depths of chroms: 2 / 0
[24.11.2013 10:35:42,384] [main] INFO  org.jgap.gp.impl.GPGenotype  - Best solution fitness: 38.97
[24.11.2013 10:35:42,385] [main] INFO  org.jgap.gp.impl.GPGenotype  - Best solution: (X + X) - (2.0 / 2.0) ==> Arg(0)
[24.11.2013 10:35:42,386] [main] INFO  org.jgap.gp.impl.GPGenotype  - Depths of chroms: 2 / 0
[24.11.2013 10:35:42,387] [main] INFO  org.jgap.gp.impl.GPGenotype  - Best solution fitness: 38.97
[24.11.2013 10:35:42,391] [main] INFO  org.jgap.gp.impl.GPGenotype  - Best solution: (X + X) - (2.0 / 2.0) ==> Arg(0)
[24.11.2013 10:35:42,392] [main] INFO  org.jgap.gp.impl.GPGenotype  - Depths of chroms: 2 / 0
[24.11.2013 10:35:42,404] [main] INFO  org.jgap.gp.impl.GPGenotype  - Best solution fitness: 38.97
[24.11.2013 10:35:42,405] [main] INFO  org.jgap.gp.impl.GPGenotype  - Best solution: (X + X) - (2.0 / 2.0) ==> Arg(0)
[24.11.2013 10:35:42,406] [main] INFO  org.jgap.gp.impl.GPGenotype  - Depths of chroms: 2 / 0
[24.11.2013 10:35:42,407] [main] INFO  org.jgap.gp.impl.GPGenotype  - Best solution fitness: 59.22
[24.11.2013 10:35:42,407] [main] INFO  org.jgap.gp.impl.GPGenotype  - Best solution: X ==> Arg(2) + Arg(2) + (Arg(2) + Arg(0) + Arg(0))
[24.11.2013 10:35:42,408] [main] INFO  org.jgap.gp.impl.GPGenotype  - Depths of chroms: 0 / 2
[24.11.2013 10:35:42,409] [main] INFO  org.jgap.gp.impl.GPGenotype  - Best solution fitness: 91.64
[24.11.2013 10:35:42,411] [main] INFO  org.jgap.gp.impl.GPGenotype  - Best solution: 9.0 / 9.0 ==> Arg(0)
[24.11.2013 10:35:42,412] [main] INFO  org.jgap.gp.impl.GPGenotype  - Depths of chroms: 1 / 0
[24.11.2013 10:35:42,413] [main] INFO  org.jgap.gp.impl.GPGenotype  - Best solution fitness: 91.64
[24.11.2013 10:35:42,415] [main] INFO  org.jgap.gp.impl.GPGenotype  - Best solution: (3.0 / 3.0) / (X / X) ==> Arg(0)
[24.11.2013 10:35:42,417] [main] INFO  org.jgap.gp.impl.GPGenotype  - Depths of chroms: 2 / 0
[24.11.2013 10:35:42,419] [main] INFO  org.jgap.gp.impl.GPGenotype  - Best solution fitness: 59.22
[24.11.2013 10:35:42,419] [main] INFO  org.jgap.gp.impl.GPGenotype  - Best solution: (X / 3.0) * 3.0 ==> Arg(1)
[24.11.2013 10:35:42,420] [main] INFO  org.jgap.gp.impl.GPGenotype  - Depths of chroms: 2 / 0
[24.11.2013 10:35:42,422] [main] INFO  org.jgap.gp.impl.GPGenotype  - Best solution fitness: 258.76
[24.11.2013 10:35:42,423] [main] INFO  org.jgap.gp.impl.GPGenotype  - Best solution: X * 6.0 ==> Arg(0)
[24.11.2013 10:35:42,424] [main] INFO  org.jgap.gp.impl.GPGenotype  - Depths of chroms: 1 / 0
